Setting up a new session...
==================== ALGORITHM: FedSpeR_dyn ====================               
Experiment Arguments:                                                          
{                                                                              
    'model': 'ModifiedLeNet5',                                                 
    'dataset': 'cifar100',                                                     
    'seed': 42,                                                                
    'join_ratio': 0.1,                                                         
    'global_epoch': 200,                                                       
    'local_epoch': 5,                                                          
    'finetune_epoch': 0,                                                       
    'test_gap': 100,                                                           
    'eval_test': 1,                                                            
    'eval_train': 0,                                                           
    'local_lr': 0.01,                                                          
    'momentum': 0.0,                                                           
    'weight_decay': 0.0,                                                       
    'verbose_gap': 100000,                                                     
    'batch_size': 32,                                                          
    'visible': 1,                                                              
    'global_testset': 0,                                                       
    'straggler_ratio': 0,                                                      
    'straggler_min_local_epoch': 1,                                            
    'external_model_params_file': '',                                          
    'use_cuda': 1,                                                             
    'save_log': 1,                                                             
    'save_model': 0,                                                           
    'save_fig': 1,                                                             
    'save_metrics': 1,                                                         
    'warmup_round': 0.1,                                                       
    'server_momentum': 0.9,                                                    
    'dataset_args': {                                                          
        'dataset': 'cifar100',                                                 
        'client_num': 100,                                                     
        'fraction': 0.5,                                                       
        'seed': 42,                                                            
        'split': 'sample',                                                     
        'super_class': False,                                                  
        'alpha': 0.1,                                                          
        'least_samples': 40                                                    
    }                                                                          
}                                                                              
Files already downloaded and verified
Files already downloaded and verified
Two smallest elements based on 'weight': ['fc2']
Two smallest elements based on 'weight': ['fc2']
Two smallest elements based on 'weight': ['fc1']
Two smallest elements based on 'weight': ['fc2']
Two smallest elements based on 'weight': ['fc2']
Two smallest elements based on 'weight': ['fc2']
Two smallest elements based on 'weight': ['fc2']
Two smallest elements based on 'weight': ['fc2']
Two smallest elements based on 'weight': ['fc2']
Two smallest elements based on 'weight': ['fc2']
Personalizing... ---------------------------------------- 100% 0:08:07
==================== FedSpeR_dyn TEST RESULTS: ====================            
{                                                                              
    100: {'loss': '4.9108 -> 0.0000', 'accuracy': '22.77% -> 0.00%'},          
    200: {'loss': '4.5238 -> 0.0000', 'accuracy': '46.92% -> 0.00%'}           
}                                                                              
Convergence (test_before):                                                     
FedSpeR_dyn achieved 10.0%(14.29%) at epoch: 30                                
FedSpeR_dyn achieved 20.0%(20.67%) at epoch: 74                                
FedSpeR_dyn achieved 30.0%(32.10%) at epoch: 85                                
FedSpeR_dyn achieved 40.0%(40.93%) at epoch: 111                               
FedSpeR_dyn achieved 50.0%(51.44%) at epoch: 190                               
Convergence (test_after):                                                      
FedSpeR_dyn achieved 10.0%(18.39%) at epoch: 0                                 
FedSpeR_dyn achieved 20.0%(22.71%) at epoch: 1                                 
FedSpeR_dyn achieved 30.0%(31.51%) at epoch: 14                                
FedSpeR_dyn achieved 40.0%(44.93%) at epoch: 54                                
FedSpeR_dyn achieved 50.0%(54.98%) at epoch: 104                               
