Setting up a new session...
==================== ALGORITHM: pFedLA ====================                    
Experiment Arguments:                                                          
{                                                                              
    'model': 'lenet5',                                                         
    'dataset': 'medmnistA',                                                    
    'seed': 42,                                                                
    'join_ratio': 0.1,                                                         
    'global_epoch': 200,                                                       
    'local_epoch': 5,                                                          
    'finetune_epoch': 0,                                                       
    'test_gap': 100,                                                           
    'eval_test': 1,                                                            
    'eval_train': 0,                                                           
    'local_lr': 0.01,                                                          
    'momentum': 0.0,                                                           
    'weight_decay': 0.0,                                                       
    'verbose_gap': 10,                                                         
    'batch_size': 32,                                                          
    'visible': 1,                                                              
    'global_testset': 0,                                                       
    'straggler_ratio': 0,                                                      
    'straggler_min_local_epoch': 1,                                            
    'external_model_params_file': '',                                          
    'use_cuda': 1,                                                             
    'save_log': 1,                                                             
    'save_model': 0,                                                           
    'save_fig': 1,                                                             
    'save_metrics': 1,                                                         
    'viz_win_name': None,                                                      
    'k': 0,                                                                    
    'hn_lr': 0.005,                                                            
    'hn_momentum': 0.0,                                                        
    'embedding_dim': 100,                                                      
    'hidden_dim': 100,                                                         
    'dataset_args': {                                                          
        'dataset': 'medmnistA',                                                
        'client_num': 100,                                                     
        'fraction': 0.5,                                                       
        'seed': 42,                                                            
        'split': 'sample',                                                     
        'alpha': 0.1,                                                          
        'least_samples': 40                                                    
    }                                                                          
}                                                                              
-------------------------- TRAINING EPOCH: 10 --------------------------       
client [77] (test)  loss: 2.4293 -> 1.6483   acc: 0.63% -> 47.47%              
client [81] (test)  loss: 2.4595 -> 0.8560   acc: 0.00% -> 82.41%              
client [21] (test)  loss: 2.3903 -> 0.8396   acc: 2.01% -> 69.24%              
client [68] (test)  loss: 2.3865 -> 0.9205   acc: 4.95% -> 75.91%              
client [93] (test)  loss: 2.3246 -> 0.8630   acc: 0.00% -> 86.75%              
client [31] (test)  loss: 2.2516 -> 0.9518   acc: 45.45% -> 84.42%             
client [20] (test)  loss: 2.1588 -> 0.7931   acc: 70.29% -> 73.19%             
client [59] (test)  loss: 2.2619 -> 0.4800   acc: 82.69% -> 82.05%             
client [48] (test)  loss: 2.1306 -> 0.4230   acc: 1.71% -> 93.86%              
client [34] (test)  loss: 2.2332 -> 0.8334   acc: 52.79% -> 74.25%             
-------------------------- TRAINING EPOCH: 20 --------------------------       
client [69] (test)  loss: 2.2335 -> 0.0788   acc: 1.41% -> 97.39%              
client [99] (test)  loss: 2.2092 -> 0.9790   acc: 10.19% -> 65.74%             
client [67] (test)  loss: 2.3715 -> 2.1388   acc: 10.34% -> 48.28%             
client [0] (test)  loss: 2.2302 -> 0.3406   acc: 1.26% -> 87.45%               
client [76] (test)  loss: 2.3256 -> 1.2767   acc: 2.52% -> 51.57%              
client [41] (test)  loss: 2.4179 -> 0.5771   acc: 0.00% -> 98.31%              
client [62] (test)  loss: 2.2762 -> 0.8786   acc: 59.67% -> 60.33%             
client [2] (test)  loss: 2.3167 -> 0.3003   acc: 6.71% -> 90.76%               
client [14] (test)  loss: 2.1070 -> 1.1904   acc: 43.20% -> 76.00%             
client [46] (test)  loss: 2.2422 -> 0.3625   acc: 0.00% -> 91.86%              
-------------------------- TRAINING EPOCH: 30 --------------------------       
client [24] (test)  loss: 2.3703 -> 0.3711   acc: 5.00% -> 91.67%              
client [68] (test)  loss: 2.3607 -> 0.7570   acc: 2.97% -> 77.23%              
client [57] (test)  loss: 2.0685 -> 0.7505   acc: 14.89% -> 79.79%             
client [17] (test)  loss: 2.4679 -> 0.3407   acc: 0.00% -> 90.27%              
client [54] (test)  loss: 2.0324 -> 0.1444   acc: 0.00% -> 95.01%              
client [23] (test)  loss: 2.4333 -> 1.2326   acc: 0.00% -> 74.39%              
client [35] (test)  loss: 2.2449 -> 1.2670   acc: 10.71% -> 51.79%             
client [59] (test)  loss: 1.9255 -> 0.3900   acc: 32.05% -> 82.37%             
client [31] (test)  loss: 2.0721 -> 0.6952   acc: 2.60% -> 84.42%              
client [9] (test)  loss: 1.5853 -> 0.0405   acc: 98.28% -> 99.26%              
-------------------------- TRAINING EPOCH: 40 --------------------------       
client [64] (test)  loss: 2.3907 -> 0.2204   acc: 0.00% -> 94.13%              
client [33] (test)  loss: 2.4158 -> 0.9544   acc: 6.73% -> 66.83%              
client [16] (test)  loss: 2.3514 -> 1.2499   acc: 0.00% -> 68.63%              
client [44] (test)  loss: 2.0059 -> 0.1677   acc: 55.51% -> 91.10%             
client [8] (test)  loss: 1.9072 -> 0.8404   acc: 62.42% -> 73.15%              
client [31] (test)  loss: 2.0103 -> 0.6503   acc: 11.69% -> 84.42%             
client [47] (test)  loss: 2.1919 -> 0.9293   acc: 21.05% -> 66.08%             
client [36] (test)  loss: 2.2916 -> 0.4468   acc: 9.27% -> 91.39%              
client [20] (test)  loss: 1.9147 -> 0.5023   acc: 70.29% -> 86.23%             
client [56] (test)  loss: 2.2477 -> 1.2051   acc: 13.95% -> 55.81%             
-------------------------- TRAINING EPOCH: 50 --------------------------       
client [4] (test)  loss: 2.0884 -> 0.2209   acc: 20.18% -> 92.11%              
client [60] (test)  loss: 2.1921 -> 0.2559   acc: 31.89% -> 92.26%             
client [28] (test)  loss: 2.4232 -> 0.4064   acc: 2.97% -> 90.64%              
client [25] (test)  loss: 1.5787 -> 0.3872   acc: 87.80% -> 88.62%             
client [58] (test)  loss: 2.3261 -> 1.1514   acc: 10.92% -> 57.98%             
client [44] (test)  loss: 2.0436 -> 0.1477   acc: 41.95% -> 92.37%             
client [39] (test)  loss: 2.2764 -> 1.3720   acc: 29.17% -> 56.25%             
client [29] (test)  loss: 2.2461 -> 0.5740   acc: 25.62% -> 69.21%             
client [3] (test)  loss: 2.0181 -> 0.3576   acc: 58.16% -> 92.86%              
client [84] (test)  loss: 1.9827 -> 0.1301   acc: 52.05% -> 97.26%             
-------------------------- TRAINING EPOCH: 60 --------------------------       
client [21] (test)  loss: 2.4079 -> 0.6102   acc: 7.88% -> 75.27%              
client [84] (test)  loss: 1.9985 -> 0.1210   acc: 53.42% -> 97.26%             
client [10] (test)  loss: 1.9946 -> 0.3844   acc: 40.26% -> 88.31%             
client [36] (test)  loss: 2.2538 -> 0.3706   acc: 11.26% -> 90.73%             
client [65] (test)  loss: 2.1066 -> 0.4126   acc: 22.27% -> 85.94%             
client [81] (test)  loss: 2.1574 -> 0.5720   acc: 10.19% -> 87.04%             
client [79] (test)  loss: 1.8820 -> 0.8659   acc: 44.51% -> 75.61%             
client [42] (test)  loss: 2.4664 -> 0.5708   acc: 14.67% -> 82.63%             
client [11] (test)  loss: 2.0826 -> 0.7043   acc: 39.10% -> 69.25%             
client [96] (test)  loss: 2.2636 -> 0.3531   acc: 4.01% -> 86.62%              
-------------------------- TRAINING EPOCH: 70 --------------------------       
client [8] (test)  loss: 1.9481 -> 0.7507   acc: 50.34% -> 73.15%              
client [53] (test)  loss: 2.0529 -> 0.0270   acc: 29.51% -> 99.54%             
client [52] (test)  loss: 2.4933 -> 0.3258   acc: 10.87% -> 92.66%             
client [42] (test)  loss: 2.4811 -> 0.5216   acc: 13.51% -> 83.40%             
client [69] (test)  loss: 2.3465 -> 0.0465   acc: 6.83% -> 97.99%              
client [59] (test)  loss: 2.0132 -> 0.2883   acc: 52.88% -> 88.14%             
client [7] (test)  loss: 2.8043 -> 0.1038   acc: 0.00% -> 98.42%               
client [26] (test)  loss: 1.8422 -> 0.3160   acc: 65.87% -> 90.48%             
client [49] (test)  loss: 2.6575 -> 0.2620   acc: 5.68% -> 93.18%              
client [98] (test)  loss: 2.2585 -> 0.4476   acc: 12.27% -> 84.88%             
-------------------------- TRAINING EPOCH: 80 --------------------------       
client [98] (test)  loss: 2.2481 -> 0.4221   acc: 13.55% -> 85.45%             
client [47] (test)  loss: 2.1235 -> 0.7227   acc: 33.92% -> 75.44%             
client [21] (test)  loss: 2.3937 -> 0.5609   acc: 15.15% -> 77.13%             
client [77] (test)  loss: 2.3052 -> 1.3118   acc: 12.03% -> 48.73%             
client [95] (test)  loss: 2.2673 -> 0.2729   acc: 15.02% -> 91.55%             
client [91] (test)  loss: 1.8367 -> 0.1344   acc: 57.64% -> 97.13%             
client [14] (test)  loss: 1.6910 -> 0.5447   acc: 56.00% -> 90.40%             
client [99] (test)  loss: 1.9975 -> 0.7631   acc: 24.07% -> 67.59%             
client [20] (test)  loss: 1.6620 -> 0.3439   acc: 64.49% -> 91.30%             
client [39] (test)  loss: 2.0600 -> 1.1180   acc: 35.42% -> 56.25%             
-------------------------- TRAINING EPOCH: 90 --------------------------       
client [52] (test)  loss: 2.4081 -> 0.3042   acc: 11.96% -> 91.85%             
client [62] (test)  loss: 2.0140 -> 0.6468   acc: 16.67% -> 68.00%             
client [71] (test)  loss: 2.0197 -> 0.2427   acc: 43.14% -> 87.39%             
client [97] (test)  loss: 2.3277 -> 0.9211   acc: 15.00% -> 60.00%             
client [30] (test)  loss: 1.8265 -> 0.7754   acc: 44.32% -> 70.45%             
client [88] (test)  loss: 2.1372 -> 0.5936   acc: 28.81% -> 86.44%             
client [60] (test)  loss: 1.8976 -> 0.2092   acc: 37.77% -> 93.34%             
client [82] (test)  loss: 2.0381 -> 0.7167   acc: 31.39% -> 72.99%             
client [91] (test)  loss: 1.8152 -> 0.1239   acc: 56.05% -> 97.45%             
client [57] (test)  loss: 1.8613 -> 0.4700   acc: 45.74% -> 88.30%             
-------------------------- TRAINING EPOCH: 100 --------------------------      
client [31] (test)  loss: 1.9684 -> 0.5674   acc: 24.68% -> 84.42%             
client [15] (test)  loss: 2.2199 -> 0.4793   acc: 25.08% -> 86.14%             
client [71] (test)  loss: 1.9921 -> 0.2277   acc: 44.54% -> 89.08%             
client [97] (test)  loss: 2.3275 -> 0.8987   acc: 15.00% -> 60.71%             
client [53] (test)  loss: 1.7744 -> 0.0241   acc: 51.99% -> 99.54%             
client [77] (test)  loss: 2.2465 -> 1.2554   acc: 15.82% -> 51.90%             
client [76] (test)  loss: 1.7006 -> 0.6242   acc: 52.20% -> 78.62%             
client [79] (test)  loss: 1.8260 -> 0.7247   acc: 37.20% -> 78.66%             
client [28] (test)  loss: 2.6032 -> 0.3409   acc: 5.94% -> 90.64%              
client [99] (test)  loss: 1.9919 -> 0.7393   acc: 22.22% -> 71.30%             
-------------------------- TRAINING EPOCH: 110 --------------------------      
client [97] (test)  loss: 2.2951 -> 0.8816   acc: 15.71% -> 62.14%             
client [86] (test)  loss: 1.9714 -> 0.8894   acc: 20.66% -> 69.42%             
client [34] (test)  loss: 1.6880 -> 0.3572   acc: 69.10% -> 90.99%             
client [73] (test)  loss: 2.2332 -> 0.1359   acc: 21.68% -> 96.90%             
client [5] (test)  loss: 1.9997 -> 0.7651   acc: 27.64% -> 78.39%              
client [96] (test)  loss: 1.9173 -> 0.2807   acc: 42.14% -> 90.64%             
client [22] (test)  loss: 1.7279 -> 0.3868   acc: 55.07% -> 88.41%             
client [60] (test)  loss: 1.7960 -> 0.1860   acc: 32.66% -> 93.81%             
client [66] (test)  loss: 2.7954 -> 0.0151   acc: 16.12% -> 99.46%             
client [83] (test)  loss: 1.7968 -> 0.0016   acc: 54.88% -> 100.00%            
-------------------------- TRAINING EPOCH: 120 --------------------------      
client [76] (test)  loss: 1.5578 -> 0.5597   acc: 55.35% -> 79.25%             
client [65] (test)  loss: 1.8650 -> 0.3374   acc: 46.09% -> 89.45%             
client [95] (test)  loss: 2.2187 -> 0.2018   acc: 20.66% -> 94.13%             
client [17] (test)  loss: 2.1030 -> 0.2106   acc: 7.37% -> 93.51%              
client [8] (test)  loss: 1.9532 -> 0.6077   acc: 44.30% -> 75.17%              
client [35] (test)  loss: 1.4841 -> 0.6941   acc: 66.07% -> 78.57%             
client [98] (test)  loss: 2.2052 -> 0.3376   acc: 16.26% -> 90.16%             
client [53] (test)  loss: 1.5346 -> 0.0222   acc: 60.09% -> 99.54%             
client [43] (test)  loss: 1.9513 -> 1.0912   acc: 39.30% -> 53.28%             
client [64] (test)  loss: 2.4259 -> 0.1504   acc: 12.54% -> 94.13%             
-------------------------- TRAINING EPOCH: 130 --------------------------      
client [21] (test)  loss: 2.1005 -> 0.5017   acc: 17.93% -> 79.75%             
client [88] (test)  loss: 1.8251 -> 0.4450   acc: 40.11% -> 88.14%             
client [38] (test)  loss: 1.7224 -> 0.6440   acc: 29.70% -> 79.70%             
client [3] (test)  loss: 1.3694 -> 0.1541   acc: 73.47% -> 96.94%              
client [5] (test)  loss: 1.9335 -> 0.7240   acc: 28.64% -> 79.40%              
client [41] (test)  loss: 2.1173 -> 0.1253   acc: 15.25% -> 98.31%             
client [7] (test)  loss: 2.7201 -> 0.0558   acc: 6.96% -> 99.21%               
client [37] (test)  loss: 1.8539 -> 0.3003   acc: 9.73% -> 92.24%              
client [45] (test)  loss: 1.9090 -> 0.2411   acc: 32.83% -> 92.71%             
client [47] (test)  loss: 1.9155 -> 0.6077   acc: 32.16% -> 82.46%             
-------------------------- TRAINING EPOCH: 140 --------------------------      
client [16] (test)  loss: 2.3010 -> 1.1403   acc: 7.84% -> 68.63%              
client [11] (test)  loss: 1.4810 -> 0.4824   acc: 59.40% -> 81.49%             
client [37] (test)  loss: 1.8303 -> 0.2891   acc: 10.16% -> 91.96%             
client [41] (test)  loss: 2.0703 -> 0.1231   acc: 22.03% -> 98.31%             
client [95] (test)  loss: 2.0614 -> 0.1802   acc: 27.46% -> 94.60%             
client [53] (test)  loss: 1.4388 -> 0.0207   acc: 60.86% -> 99.54%             
client [22] (test)  loss: 1.5823 -> 0.3293   acc: 55.80% -> 89.86%             
client [25] (test)  loss: 1.1480 -> 0.1973   acc: 82.11% -> 93.09%             
client [69] (test)  loss: 2.1134 -> 0.0280   acc: 34.14% -> 99.20%             
client [46] (test)  loss: 2.2255 -> 0.2057   acc: 18.83% -> 94.26%             
-------------------------- TRAINING EPOCH: 150 --------------------------      
client [47] (test)  loss: 1.8052 -> 0.5884   acc: 34.50% -> 82.46%             
client [69] (test)  loss: 2.0345 -> 0.0269   acc: 38.35% -> 99.20%             
client [82] (test)  loss: 1.8173 -> 0.5766   acc: 36.50% -> 78.10%             
client [45] (test)  loss: 1.7766 -> 0.2327   acc: 38.60% -> 92.71%             
client [7] (test)  loss: 2.4525 -> 0.0495   acc: 8.23% -> 99.21%               
client [50] (test)  loss: 1.4373 -> 0.4291   acc: 62.75% -> 83.01%             
client [35] (test)  loss: 1.2516 -> 0.6162   acc: 69.64% -> 80.36%             
client [24] (test)  loss: 2.0306 -> 0.1528   acc: 26.67% -> 97.33%             
client [15] (test)  loss: 1.9574 -> 0.4027   acc: 26.07% -> 89.11%             
client [58] (test)  loss: 1.5216 -> 0.5526   acc: 37.82% -> 84.03%             
-------------------------- TRAINING EPOCH: 160 --------------------------      
client [48] (test)  loss: 1.7770 -> 0.2039   acc: 35.84% -> 94.88%             
client [76] (test)  loss: 1.3499 -> 0.4597   acc: 62.89% -> 86.16%             
client [67] (test)  loss: 1.2309 -> 0.6967   acc: 75.86% -> 79.31%             
client [37] (test)  loss: 1.7352 -> 0.2756   acc: 11.85% -> 91.68%             
client [58] (test)  loss: 1.4659 -> 0.5267   acc: 41.18% -> 84.87%             
client [64] (test)  loss: 2.3768 -> 0.1330   acc: 15.87% -> 95.08%             
client [77] (test)  loss: 2.0614 -> 1.1319   acc: 24.68% -> 58.23%             
client [55] (test)  loss: 1.9254 -> 0.0790   acc: 7.84% -> 96.94%              
client [12] (test)  loss: 2.0490 -> 0.7951   acc: 15.29% -> 74.12%             
client [89] (test)  loss: 1.8719 -> 0.1753   acc: 28.43% -> 94.97%             
-------------------------- TRAINING EPOCH: 170 --------------------------      
client [84] (test)  loss: 1.5230 -> 0.0568   acc: 57.53% -> 100.00%            
client [51] (test)  loss: 1.4475 -> 0.3096   acc: 66.56% -> 90.13%             
client [8] (test)  loss: 1.7107 -> 0.5074   acc: 46.31% -> 78.52%              
client [18] (test)  loss: 1.5951 -> 0.6745   acc: 44.60% -> 77.00%             
client [94] (test)  loss: 1.5707 -> 0.4785   acc: 51.22% -> 83.74%             
client [81] (test)  loss: 1.9232 -> 0.3910   acc: 32.41% -> 88.89%             
client [3] (test)  loss: 1.2303 -> 0.1294   acc: 70.41% -> 95.92%              
client [11] (test)  loss: 1.3312 -> 0.4314   acc: 63.58% -> 84.78%             
client [95] (test)  loss: 1.9496 -> 0.1576   acc: 29.11% -> 95.07%             
client [67] (test)  loss: 1.1580 -> 0.6540   acc: 82.76% -> 79.31%             
-------------------------- TRAINING EPOCH: 180 --------------------------      
client [21] (test)  loss: 1.8039 -> 0.4431   acc: 28.13% -> 83.15%             
client [79] (test)  loss: 1.5278 -> 0.5622   acc: 47.56% -> 82.32%             
client [58] (test)  loss: 1.3895 -> 0.4887   acc: 47.06% -> 85.71%             
client [88] (test)  loss: 1.4811 -> 0.3385   acc: 50.28% -> 91.53%             
client [46] (test)  loss: 2.0833 -> 0.1911   acc: 26.70% -> 94.66%             
client [11] (test)  loss: 1.2973 -> 0.4200   acc: 63.58% -> 85.37%             
client [55] (test)  loss: 1.8553 -> 0.0714   acc: 9.94% -> 97.13%              
client [13] (test)  loss: 1.7280 -> 0.5482   acc: 46.67% -> 80.74%             
client [31] (test)  loss: 1.7415 -> 0.5114   acc: 35.06% -> 84.42%             
client [75] (test)  loss: 1.4730 -> 0.8147   acc: 60.38% -> 67.92%             
-------------------------- TRAINING EPOCH: 190 --------------------------      
client [19] (test)  loss: 2.2926 -> 0.2454   acc: 22.06% -> 91.22%             
client [7] (test)  loss: 2.0811 -> 0.0402   acc: 13.29% -> 99.37%              
client [57] (test)  loss: 1.5243 -> 0.3341   acc: 57.45% -> 91.49%             
client [13] (test)  loss: 1.6435 -> 0.5361   acc: 50.37% -> 81.48%             
client [43] (test)  loss: 1.8211 -> 0.9948   acc: 43.23% -> 57.64%             
client [91] (test)  loss: 1.4574 -> 0.0701   acc: 64.01% -> 99.36%             
client [10] (test)  loss: 1.4768 -> 0.1739   acc: 42.86% -> 96.10%             
client [64] (test)  loss: 2.3500 -> 0.1243   acc: 19.52% -> 95.71%             
client [82] (test)  loss: 1.7042 -> 0.5280   acc: 41.61% -> 79.56%             
client [22] (test)  loss: 1.3962 -> 0.2797   acc: 58.70% -> 89.86%             
-------------------------- TRAINING EPOCH: 200 --------------------------      
client [20] (test)  loss: 1.0014 -> 0.1897   acc: 64.49% -> 94.20%             
client [23] (test)  loss: 1.5023 -> 0.6799   acc: 50.61% -> 72.56%             
client [88] (test)  loss: 1.3570 -> 0.3105   acc: 54.24% -> 91.53%             
client [98] (test)  loss: 1.8262 -> 0.2537   acc: 34.52% -> 92.87%             
client [79] (test)  loss: 1.4742 -> 0.5371   acc: 46.34% -> 84.15%             
client [21] (test)  loss: 1.6545 -> 0.4181   acc: 32.77% -> 84.70%             
client [92] (test)  loss: 1.4622 -> 0.9523   acc: 57.14% -> 71.43%             
client [56] (test)  loss: 1.0327 -> 0.6240   acc: 79.07% -> 81.40%             
client [5] (test)  loss: 1.7574 -> 0.6241   acc: 36.68% -> 80.40%              
client [52] (test)  loss: 1.8334 -> 0.2086   acc: 31.52% -> 93.21%             
Training... ---------------------------------------- 100% 0:07:23
==================== pFedLA TEST RESULTS: ====================                 
{                                                                              
    100: {'loss': '0.3340 -> 0.0000', 'accuracy': '89.04% -> 0.00%'},          
    200: {'loss': '0.2450 -> 0.0000', 'accuracy': '91.75% -> 0.00%'}           
}                                                                              
Convergence (test_before):                                                     
pFedLA achieved 20.0%(21.77%) at epoch: 1                                      
pFedLA achieved 30.0%(38.36%) at epoch: 6                                      
pFedLA achieved 40.0%(47.90%) at epoch: 24                                     
pFedLA achieved 50.0%(52.12%) at epoch: 102                                    
pFedLA achieved 60.0%(60.76%) at epoch: 153                                    
Convergence (test_after):                                                      
pFedLA achieved 70.0%(76.17%) at epoch: 0                                      
pFedLA achieved 80.0%(81.61%) at epoch: 1                                      
pFedLA achieved 90.0%(91.26%) at epoch: 2                                      
'rm' 不是内部或外部命令，也不是可运行的程序
或批处理文件。
