Setting up a new session...
==================== ALGORITHM: FedSpeR_dyn ====================               
Experiment Arguments:                                                          
{                                                                              
    'model': 'ModifiedLeNet5',                                                 
    'dataset': 'svhn',                                                         
    'seed': 42,                                                                
    'join_ratio': 0.1,                                                         
    'global_epoch': 200,                                                       
    'local_epoch': 5,                                                          
    'finetune_epoch': 0,                                                       
    'test_gap': 100,                                                           
    'eval_test': 1,                                                            
    'eval_train': 0,                                                           
    'local_lr': 0.01,                                                          
    'momentum': 0.0,                                                           
    'weight_decay': 0.0,                                                       
    'verbose_gap': 100000,                                                     
    'batch_size': 32,                                                          
    'visible': 1,                                                              
    'global_testset': 0,                                                       
    'straggler_ratio': 0,                                                      
    'straggler_min_local_epoch': 1,                                            
    'external_model_params_file': '',                                          
    'use_cuda': 1,                                                             
    'save_log': 1,                                                             
    'save_model': 0,                                                           
    'save_fig': 1,                                                             
    'save_metrics': 1,                                                         
    'warmup_round': 0.1,                                                       
    'server_momentum': 0.9,                                                    
    'dataset_args': {                                                          
        'dataset': 'svhn',                                                     
        'client_num': 100,                                                     
        'fraction': 0.5,                                                       
        'seed': 42,                                                            
        'split': 'sample',                                                     
        'alpha': 0.1,                                                          
        'least_samples': 40                                                    
    }                                                                          
}                                                                              
Using downloaded and verified file: E:\FL-bench\data\svhn\raw_data\train_32x32.mat
Using downloaded and verified file: E:\FL-bench\data\svhn\raw_data\test_32x32.mat
Two smallest elements based on 'weight': ['fc1']
Two smallest elements based on 'weight': ['fc2']
Two smallest elements based on 'weight': ['fc2']
Two smallest elements based on 'weight': ['fc2']
Two smallest elements based on 'weight': ['fc2']
Two smallest elements based on 'weight': ['fc2']
Two smallest elements based on 'weight': ['fc2']
Two smallest elements based on 'weight': ['fc2']
Two smallest elements based on 'weight': ['fc2']
Two smallest elements based on 'weight': ['fc2']
Personalizing... ---------------------------------------- 100% 0:12:54
==================== FedSpeR_dyn TEST RESULTS: ====================            
{                                                                              
    100: {'loss': '0.3143 -> 0.0000', 'accuracy': '93.00% -> 0.00%'},          
    200: {'loss': '0.2293 -> 0.0000', 'accuracy': '96.04% -> 0.00%'}           
}                                                                              
Convergence (test_before):                                                     
FedSpeR_dyn achieved 10.0%(10.14%) at epoch: 0                                 
FedSpeR_dyn achieved 20.0%(23.95%) at epoch: 3                                 
FedSpeR_dyn achieved 40.0%(49.59%) at epoch: 4                                 
FedSpeR_dyn achieved 50.0%(51.37%) at epoch: 22                                
FedSpeR_dyn achieved 70.0%(70.86%) at epoch: 39                                
FedSpeR_dyn achieved 80.0%(85.98%) at epoch: 50                                
FedSpeR_dyn achieved 90.0%(91.65%) at epoch: 59                                
Convergence (test_after):                                                      
FedSpeR_dyn achieved 80.0%(83.44%) at epoch: 0                                 
FedSpeR_dyn achieved 90.0%(90.78%) at epoch: 7                                 
