Setting up a new session...
==================== ALGORITHM: FedSpeR_dyn ====================               
Experiment Arguments:                                                          
{                                                                              
    'model': 'ModifiedLeNet5',                                                 
    'dataset': 'emnist',                                                       
    'seed': 42,                                                                
    'join_ratio': 0.1,                                                         
    'global_epoch': 200,                                                       
    'local_epoch': 5,                                                          
    'finetune_epoch': 0,                                                       
    'test_gap': 100,                                                           
    'eval_test': 1,                                                            
    'eval_train': 0,                                                           
    'local_lr': 0.01,                                                          
    'momentum': 0.0,                                                           
    'weight_decay': 0.0,                                                       
    'verbose_gap': 100000,                                                     
    'batch_size': 32,                                                          
    'visible': 1,                                                              
    'global_testset': 0,                                                       
    'straggler_ratio': 0,                                                      
    'straggler_min_local_epoch': 1,                                            
    'external_model_params_file': '',                                          
    'use_cuda': 1,                                                             
    'save_log': 1,                                                             
    'save_model': 0,                                                           
    'save_fig': 1,                                                             
    'save_metrics': 1,                                                         
    'warmup_round': 0.1,                                                       
    'server_momentum': 0.9,                                                    
    'dataset_args': {                                                          
        'dataset': 'emnist',                                                   
        'client_num': 100,                                                     
        'fraction': 0.5,                                                       
        'seed': 42,                                                            
        'split': 'sample',                                                     
        'emnist_split': 'byclass',                                             
        'alpha': 0.1,                                                          
        'least_samples': 40                                                    
    }                                                                          
}                                                                              
Two smallest elements based on 'weight': ['fc2']
Two smallest elements based on 'weight': ['fc1']
Two smallest elements based on 'weight': ['fc2']
Two smallest elements based on 'weight': ['fc2']
Two smallest elements based on 'weight': ['fc2']
Two smallest elements based on 'weight': ['fc2']
Two smallest elements based on 'weight': ['fc2']
Two smallest elements based on 'weight': ['fc2']
Two smallest elements based on 'weight': ['fc1']
Two smallest elements based on 'weight': ['fc1']
Personalizing... ---------------------------------------- 100% 1:46:08
==================== FedSpeR_dyn TEST RESULTS: ====================            
{                                                                              
    100: {'loss': '0.2835 -> 0.0000', 'accuracy': '92.74% -> 0.00%'},          
    200: {'loss': '2.7860 -> 0.0000', 'accuracy': '61.63% -> 0.00%'}           
}                                                                              
Convergence (test_before):                                                     
FedSpeR_dyn achieved 20.0%(23.64%) at epoch: 4                                 
FedSpeR_dyn achieved 30.0%(35.96%) at epoch: 10                                
FedSpeR_dyn achieved 50.0%(51.20%) at epoch: 13                                
FedSpeR_dyn achieved 60.0%(62.23%) at epoch: 22                                
FedSpeR_dyn achieved 70.0%(73.19%) at epoch: 51                                
FedSpeR_dyn achieved 80.0%(82.07%) at epoch: 62                                
FedSpeR_dyn achieved 90.0%(92.53%) at epoch: 71                                
Convergence (test_after):                                                      
FedSpeR_dyn achieved 90.0%(91.30%) at epoch: 0                                 
