Setting up a new session...
==================== ALGORITHM: pFedLA ====================                    
Experiment Arguments:                                                          
{                                                                              
    'model': 'lenet5',                                                         
    'dataset': 'emnist',                                                       
    'seed': 42,                                                                
    'join_ratio': 0.1,                                                         
    'global_epoch': 200,                                                       
    'local_epoch': 5,                                                          
    'finetune_epoch': 0,                                                       
    'test_gap': 100,                                                           
    'eval_test': 1,                                                            
    'eval_train': 0,                                                           
    'local_lr': 0.01,                                                          
    'momentum': 0.0,                                                           
    'weight_decay': 0.0,                                                       
    'verbose_gap': 10,                                                         
    'batch_size': 32,                                                          
    'visible': 1,                                                              
    'global_testset': 0,                                                       
    'straggler_ratio': 0,                                                      
    'straggler_min_local_epoch': 1,                                            
    'external_model_params_file': '',                                          
    'use_cuda': 1,                                                             
    'save_log': 1,                                                             
    'save_model': 0,                                                           
    'save_fig': 1,                                                             
    'save_metrics': 1,                                                         
    'viz_win_name': None,                                                      
    'k': 0,                                                                    
    'hn_lr': 0.005,                                                            
    'hn_momentum': 0.0,                                                        
    'embedding_dim': 100,                                                      
    'hidden_dim': 100,                                                         
    'dataset_args': {                                                          
        'dataset': 'emnist',                                                   
        'client_num': 100,                                                     
        'fraction': 0.5,                                                       
        'seed': 42,                                                            
        'split': 'sample',                                                     
        'emnist_split': 'byclass',                                             
        'alpha': 0.1,                                                          
        'least_samples': 40                                                    
    }                                                                          
}                                                                              
-------------------------- TRAINING EPOCH: 10 --------------------------       
client [77] (test)  loss: 4.2375 -> 0.2941   acc: 2.15% -> 91.91%              
client [81] (test)  loss: 3.7942 -> 0.3238   acc: 3.42% -> 88.02%              
client [21] (test)  loss: 81.9985 -> 0.2359   acc: 2.57% -> 94.17%             
client [68] (test)  loss: 3.9749 -> 0.7255   acc: 10.99% -> 81.15%             
client [93] (test)  loss: 3.7593 -> 0.1287   acc: 1.05% -> 95.60%              
client [31] (test)  loss: 4.0092 -> 0.3231   acc: 2.32% -> 90.83%              
client [20] (test)  loss: 4.0145 -> 0.3463   acc: 3.33% -> 90.82%              
client [59] (test)  loss: 35.1286 -> 0.5008   acc: 5.98% -> 83.78%             
client [48] (test)  loss: 4.0336 -> 1.1359   acc: 2.91% -> 69.79%              
client [34] (test)  loss: 3.9687 -> 0.3134   acc: 1.47% -> 90.28%              
-------------------------- TRAINING EPOCH: 20 --------------------------       
client [69] (test)  loss: 3.9187 -> 0.5318   acc: 5.80% -> 84.72%              
client [99] (test)  loss: 2.2748 -> 0.0827   acc: 75.57% -> 98.13%             
client [67] (test)  loss: 3.1387 -> 0.7264   acc: 24.30% -> 79.66%             
client [0] (test)  loss: 2.8371 -> 0.3048   acc: 47.50% -> 91.49%              
client [76] (test)  loss: 3.4874 -> 0.4097   acc: 4.36% -> 90.10%              
client [41] (test)  loss: 3.3374 -> 0.4502   acc: 29.71% -> 84.39%             
client [62] (test)  loss: 51.5253 -> 0.2267   acc: 3.83% -> 94.53%             
client [2] (test)  loss: 60.1214 -> 0.3478   acc: 19.99% -> 91.88%             
client [14] (test)  loss: 3.3294 -> 0.3422   acc: 8.34% -> 91.30%              
client [46] (test)  loss: 2.2600 -> 0.0676   acc: 74.64% -> 98.42%             
-------------------------- TRAINING EPOCH: 30 --------------------------       
client [24] (test)  loss: 2.5481 -> 0.3016   acc: 31.54% -> 90.37%             
client [68] (test)  loss: 2.8213 -> 0.4708   acc: 28.34% -> 86.20%             
client [57] (test)  loss: 3.1040 -> 0.2494   acc: 32.76% -> 93.51%             
client [17] (test)  loss: 2.4602 -> 0.2230   acc: 30.74% -> 92.31%             
client [54] (test)  loss: 2.9424 -> 0.4771   acc: 18.34% -> 87.91%             
client [23] (test)  loss: 16.3832 -> 0.1589   acc: 64.68% -> 95.07%            
client [35] (test)  loss: 2.2824 -> 0.0327   acc: 36.68% -> 98.94%             
client [59] (test)  loss: 2.3653 -> 0.3893   acc: 44.50% -> 86.05%             
client [31] (test)  loss: 2.4708 -> 0.1949   acc: 33.00% -> 93.37%             
client [9] (test)  loss: 3.2103 -> 0.3299   acc: 20.26% -> 90.68%              
-------------------------- TRAINING EPOCH: 40 --------------------------       
client [64] (test)  loss: 2.9621 -> 0.4976   acc: 26.40% -> 86.73%             
client [33] (test)  loss: 1.3411 -> 0.0933   acc: 50.84% -> 97.29%             
client [16] (test)  loss: 2.4678 -> 0.3905   acc: 36.68% -> 88.80%             
client [44] (test)  loss: 3.1509 -> 0.6546   acc: 20.50% -> 79.31%             
client [8] (test)  loss: 2.2355 -> 0.7756   acc: 43.66% -> 74.18%              
client [31] (test)  loss: 2.0938 -> 0.1753   acc: 45.39% -> 93.78%             
client [47] (test)  loss: 2.5253 -> 0.3360   acc: 44.02% -> 90.74%             
client [36] (test)  loss: 2.9557 -> 0.2598   acc: 13.97% -> 92.91%             
client [20] (test)  loss: 2.0221 -> 0.2260   acc: 28.89% -> 93.68%             
client [56] (test)  loss: 1.6162 -> 0.0599   acc: 60.14% -> 98.25%             
-------------------------- TRAINING EPOCH: 50 --------------------------       
client [4] (test)  loss: 2.1573 -> 0.4661   acc: 41.20% -> 83.19%              
client [60] (test)  loss: 2.3302 -> 0.2332   acc: 45.65% -> 93.47%             
client [28] (test)  loss: 0.9885 -> 0.0044   acc: 81.00% -> 99.83%             
client [25] (test)  loss: 2.2019 -> 0.2286   acc: 50.20% -> 93.85%             
client [58] (test)  loss: 0.4962 -> 0.0159   acc: 90.20% -> 99.53%             
client [44] (test)  loss: 2.5043 -> 0.5892   acc: 31.28% -> 80.92%             
client [39] (test)  loss: 1.7532 -> 0.2155   acc: 45.80% -> 94.55%             
client [29] (test)  loss: 1.9138 -> 0.2912   acc: 45.24% -> 91.10%             
client [3] (test)  loss: 0.3895 -> 0.0232   acc: 93.18% -> 99.34%              
client [84] (test)  loss: 1.8378 -> 0.2817   acc: 57.04% -> 91.26%             
-------------------------- TRAINING EPOCH: 60 --------------------------       
client [21] (test)  loss: 2.2341 -> 0.0890   acc: 42.27% -> 97.84%             
client [84] (test)  loss: 1.6008 -> 0.2659   acc: 62.27% -> 91.58%             
client [10] (test)  loss: 1.8512 -> 0.5013   acc: 51.09% -> 80.17%             
client [36] (test)  loss: 2.5161 -> 0.2294   acc: 23.49% -> 93.69%             
client [65] (test)  loss: 1.8188 -> 0.4055   acc: 46.43% -> 86.71%             
client [81] (test)  loss: 1.6434 -> 0.2146   acc: 35.12% -> 92.44%             
client [79] (test)  loss: 2.4283 -> 0.4000   acc: 35.09% -> 87.76%             
client [42] (test)  loss: 3.4772 -> 0.3186   acc: 12.08% -> 91.31%             
client [11] (test)  loss: 1.5660 -> 0.1382   acc: 50.92% -> 96.55%             
client [96] (test)  loss: 1.1895 -> 0.1605   acc: 73.97% -> 95.05%             
-------------------------- TRAINING EPOCH: 70 --------------------------       
client [8] (test)  loss: 1.8537 -> 0.6739   acc: 49.22% -> 76.77%              
client [53] (test)  loss: 0.7938 -> 0.0784   acc: 77.82% -> 98.06%             
client [52] (test)  loss: 2.3514 -> 0.4838   acc: 33.42% -> 85.25%             
client [42] (test)  loss: 3.2901 -> 0.3114   acc: 14.21% -> 91.55%             
client [69] (test)  loss: 2.1604 -> 0.3166   acc: 47.34% -> 90.63%             
client [59] (test)  loss: 1.3435 -> 0.3141   acc: 62.30% -> 88.95%             
client [7] (test)  loss: 1.3506 -> 0.3243   acc: 65.97% -> 90.68%              
client [26] (test)  loss: 0.8900 -> 0.2018   acc: 68.10% -> 93.92%             
client [49] (test)  loss: 0.6367 -> 0.0003   acc: 85.58% -> 100.00%            
client [98] (test)  loss: 1.3916 -> 0.0631   acc: 42.12% -> 98.63%             
-------------------------- TRAINING EPOCH: 80 --------------------------       
client [98] (test)  loss: 1.3402 -> 0.0606   acc: 44.06% -> 98.58%             
client [47] (test)  loss: 1.9470 -> 0.2812   acc: 51.13% -> 91.93%             
client [21] (test)  loss: 1.2541 -> 0.0767   acc: 70.07% -> 98.01%             
client [77] (test)  loss: 1.7772 -> 0.1212   acc: 44.48% -> 96.39%             
client [95] (test)  loss: 1.8137 -> 0.1338   acc: 37.14% -> 96.00%             
client [91] (test)  loss: 1.2140 -> 0.1133   acc: 60.94% -> 96.88%             
client [14] (test)  loss: 1.6111 -> 0.2120   acc: 53.08% -> 94.01%             
client [99] (test)  loss: 0.3960 -> 0.0515   acc: 91.94% -> 98.82%             
client [20] (test)  loss: 1.1909 -> 0.1673   acc: 53.64% -> 95.15%             
client [39] (test)  loss: 1.1988 -> 0.1800   acc: 62.20% -> 95.39%             
-------------------------- TRAINING EPOCH: 90 --------------------------       
client [52] (test)  loss: 1.9615 -> 0.4575   acc: 44.65% -> 85.46%             
client [62] (test)  loss: 0.7243 -> 0.1305   acc: 82.37% -> 96.17%             
client [71] (test)  loss: 0.2578 -> 0.0068   acc: 94.16% -> 99.81%             
client [97] (test)  loss: 0.3219 -> 0.0120   acc: 93.17% -> 99.57%             
client [30] (test)  loss: 2.0296 -> 0.2070   acc: 37.92% -> 94.04%             
client [88] (test)  loss: 1.3995 -> 0.3391   acc: 60.80% -> 87.65%             
client [60] (test)  loss: 1.2640 -> 0.1734   acc: 65.32% -> 95.13%             
client [82] (test)  loss: 2.8444 -> 0.6179   acc: 23.13% -> 69.67%             
client [91] (test)  loss: 1.1713 -> 0.1091   acc: 60.66% -> 96.88%             
client [57] (test)  loss: 1.2434 -> 0.1749   acc: 65.86% -> 95.35%             
-------------------------- TRAINING EPOCH: 100 --------------------------      
client [31] (test)  loss: 1.1168 -> 0.1334   acc: 70.92% -> 95.21%             
client [15] (test)  loss: 0.6431 -> 0.0300   acc: 86.40% -> 99.13%             
client [71] (test)  loss: 0.2290 -> 0.0067   acc: 94.75% -> 99.79%             
client [97] (test)  loss: 0.2945 -> 0.0114   acc: 93.42% -> 99.61%             
client [53] (test)  loss: 0.5725 -> 0.0680   acc: 84.17% -> 98.10%             
client [77] (test)  loss: 1.2598 -> 0.1126   acc: 59.73% -> 96.65%             
client [76] (test)  loss: 1.1678 -> 0.2415   acc: 58.92% -> 93.15%             
client [79] (test)  loss: 1.7865 -> 0.3550   acc: 52.37% -> 89.38%             
client [28] (test)  loss: 0.4980 -> 0.0040   acc: 89.17% -> 99.86%             
client [99] (test)  loss: 0.3594 -> 0.0477   acc: 91.58% -> 98.84%             
-------------------------- TRAINING EPOCH: 110 --------------------------      
client [97] (test)  loss: 0.2672 -> 0.0109   acc: 93.78% -> 99.66%             
client [86] (test)  loss: 1.4990 -> 0.4318   acc: 52.75% -> 85.84%             
client [34] (test)  loss: 1.3509 -> 0.1051   acc: 44.88% -> 97.15%             
client [73] (test)  loss: 1.8299 -> 0.3201   acc: 51.20% -> 89.03%             
client [5] (test)  loss: 2.5304 -> 0.1503   acc: 25.29% -> 95.74%              
client [96] (test)  loss: 0.7308 -> 0.1338   acc: 84.22% -> 95.67%             
client [22] (test)  loss: 2.0090 -> 0.1497   acc: 42.88% -> 94.46%             
client [60] (test)  loss: 1.0277 -> 0.1577   acc: 71.44% -> 95.76%             
client [66] (test)  loss: 1.7378 -> 0.2448   acc: 40.18% -> 93.02%             
client [83] (test)  loss: 0.9472 -> 0.1474   acc: 73.44% -> 95.57%             
-------------------------- TRAINING EPOCH: 120 --------------------------      
client [76] (test)  loss: 1.1171 -> 0.2310   acc: 59.57% -> 93.24%             
client [65] (test)  loss: 1.2201 -> 0.3542   acc: 61.62% -> 88.23%             
client [95] (test)  loss: 1.6337 -> 0.1251   acc: 41.72% -> 96.48%             
client [17] (test)  loss: 0.8816 -> 0.1719   acc: 68.92% -> 94.06%             
client [8] (test)  loss: 1.7327 -> 0.6334   acc: 50.02% -> 78.21%              
client [35] (test)  loss: 0.4483 -> 0.0142   acc: 87.01% -> 99.56%             
client [98] (test)  loss: 1.1613 -> 0.0556   acc: 52.30% -> 98.70%             
client [53] (test)  loss: 0.4862 -> 0.0633   acc: 86.51% -> 98.24%             
client [43] (test)  loss: 1.5612 -> 0.3988   acc: 56.02% -> 87.02%             
client [64] (test)  loss: 1.3665 -> 0.3397   acc: 58.48% -> 89.85%             
-------------------------- TRAINING EPOCH: 130 --------------------------      
client [21] (test)  loss: 0.7934 -> 0.0614   acc: 79.10% -> 98.25%             
client [88] (test)  loss: 1.1785 -> 0.3126   acc: 63.70% -> 88.58%             
client [38] (test)  loss: 1.5514 -> 0.2560   acc: 63.56% -> 92.86%             
client [3] (test)  loss: 0.2188 -> 0.0138   acc: 95.63% -> 99.56%              
client [5] (test)  loss: 2.5515 -> 0.1435   acc: 26.25% -> 96.00%              
client [41] (test)  loss: 1.1616 -> 0.3131   acc: 64.42% -> 88.06%             
client [7] (test)  loss: 0.9655 -> 0.2774   acc: 73.35% -> 92.26%              
client [37] (test)  loss: 0.5739 -> 0.0364   acc: 85.00% -> 98.87%             
client [45] (test)  loss: 1.3654 -> 0.4345   acc: 57.42% -> 84.74%             
client [47] (test)  loss: 1.3374 -> 0.2432   acc: 56.41% -> 92.76%             
-------------------------- TRAINING EPOCH: 140 --------------------------      
client [16] (test)  loss: 1.3032 -> 0.2961   acc: 62.90% -> 90.75%             
client [11] (test)  loss: 0.7597 -> 0.1062   acc: 78.67% -> 97.21%             
client [37] (test)  loss: 0.6582 -> 0.0358   acc: 82.93% -> 98.85%             
client [41] (test)  loss: 1.1139 -> 0.2995   acc: 65.20% -> 88.87%             
client [95] (test)  loss: 1.5467 -> 0.1189   acc: 43.12% -> 96.58%             
client [53] (test)  loss: 0.4544 -> 0.0599   acc: 87.03% -> 98.41%             
client [22] (test)  loss: 2.0224 -> 0.1430   acc: 45.83% -> 94.71%             
client [25] (test)  loss: 1.1720 -> 0.1655   acc: 70.48% -> 95.01%             
client [69] (test)  loss: 1.4600 -> 0.2665   acc: 59.87% -> 91.61%             
client [46] (test)  loss: 0.4129 -> 0.0235   acc: 89.89% -> 99.26%             
-------------------------- TRAINING EPOCH: 150 --------------------------      
client [47] (test)  loss: 1.2252 -> 0.2360   acc: 56.13% -> 92.79%             
client [69] (test)  loss: 1.4220 -> 0.2632   acc: 60.82% -> 91.81%             
client [82] (test)  loss: 2.2563 -> 0.5887   acc: 33.46% -> 70.44%             
client [45] (test)  loss: 1.3842 -> 0.4299   acc: 56.65% -> 84.83%             
client [7] (test)  loss: 0.8967 -> 0.2680   acc: 74.81% -> 92.42%              
client [50] (test)  loss: 1.1383 -> 0.1219   acc: 76.08% -> 96.89%             
client [35] (test)  loss: 0.4944 -> 0.0131   acc: 85.57% -> 99.56%             
client [24] (test)  loss: 0.9000 -> 0.2160   acc: 66.57% -> 92.96%             
client [15] (test)  loss: 0.4735 -> 0.0260   acc: 89.46% -> 99.25%             
client [58] (test)  loss: 0.2356 -> 0.0098   acc: 94.01% -> 99.70%             
-------------------------- TRAINING EPOCH: 160 --------------------------      
client [48] (test)  loss: 2.4837 -> 0.5468   acc: 32.88% -> 81.84%             
client [76] (test)  loss: 1.0322 -> 0.2135   acc: 61.91% -> 93.69%             
client [67] (test)  loss: 0.7884 -> 0.3346   acc: 74.88% -> 87.30%             
client [37] (test)  loss: 0.6214 -> 0.0346   acc: 83.67% -> 98.99%             
client [58] (test)  loss: 0.2409 -> 0.0095   acc: 93.65% -> 99.72%             
client [64] (test)  loss: 1.1723 -> 0.3225   acc: 63.88% -> 90.28%             
client [77] (test)  loss: 0.7077 -> 0.0986   acc: 81.25% -> 97.05%             
client [55] (test)  loss: 0.5273 -> 0.1029   acc: 80.76% -> 97.18%             
client [12] (test)  loss: 1.0056 -> 0.3040   acc: 71.50% -> 91.28%             
client [89] (test)  loss: 0.9341 -> 0.2427   acc: 74.66% -> 89.64%             
-------------------------- TRAINING EPOCH: 170 --------------------------      
client [84] (test)  loss: 0.9588 -> 0.1959   acc: 71.74% -> 93.30%             
client [51] (test)  loss: 0.9441 -> 0.2966   acc: 73.09% -> 91.58%             
client [8] (test)  loss: 1.6173 -> 0.5766   acc: 51.95% -> 79.62%              
client [18] (test)  loss: 0.2930 -> 0.0354   acc: 93.42% -> 98.91%             
client [94] (test)  loss: 0.3715 -> 0.0006   acc: 90.70% -> 99.98%             
client [81] (test)  loss: 0.8721 -> 0.1723   acc: 66.52% -> 93.17%             
client [3] (test)  loss: 0.2017 -> 0.0124   acc: 95.97% -> 99.59%              
client [11] (test)  loss: 0.6905 -> 0.1005   acc: 80.72% -> 97.21%             
client [95] (test)  loss: 1.5015 -> 0.1145   acc: 44.31% -> 96.58%             
client [67] (test)  loss: 0.7693 -> 0.3298   acc: 75.02% -> 87.71%             
-------------------------- TRAINING EPOCH: 180 --------------------------      
client [21] (test)  loss: 0.6419 -> 0.0567   acc: 83.08% -> 98.32%             
client [79] (test)  loss: 1.4708 -> 0.3039   acc: 58.81% -> 90.57%             
client [58] (test)  loss: 0.2676 -> 0.0089   acc: 92.70% -> 99.78%             
client [88] (test)  loss: 1.0476 -> 0.2934   acc: 64.55% -> 89.52%             
client [46] (test)  loss: 0.3898 -> 0.0220   acc: 90.10% -> 99.33%             
client [11] (test)  loss: 0.6771 -> 0.0982   acc: 81.15% -> 97.30%             
client [55] (test)  loss: 0.5537 -> 0.1029   acc: 80.26% -> 97.14%             
client [13] (test)  loss: 0.5260 -> 0.0875   acc: 87.04% -> 97.58%             
client [31] (test)  loss: 0.8255 -> 0.1201   acc: 77.06% -> 95.55%             
client [75] (test)  loss: 1.0034 -> 0.3038   acc: 69.91% -> 91.43%             
-------------------------- TRAINING EPOCH: 190 --------------------------      
client [19] (test)  loss: 0.3376 -> 0.0823   acc: 91.37% -> 97.81%             
client [7] (test)  loss: 0.8173 -> 0.2569   acc: 76.36% -> 92.78%              
client [57] (test)  loss: 0.6919 -> 0.1320   acc: 78.69% -> 96.47%             
client [13] (test)  loss: 0.5201 -> 0.0853   acc: 86.50% -> 97.67%             
client [43] (test)  loss: 1.4232 -> 0.3259   acc: 59.03% -> 89.40%             
client [91] (test)  loss: 0.9781 -> 0.0971   acc: 64.56% -> 97.21%             
client [10] (test)  loss: 0.9461 -> 0.3895   acc: 68.31% -> 83.09%             
client [64] (test)  loss: 1.0842 -> 0.3089   acc: 67.28% -> 90.42%             
client [82] (test)  loss: 2.2304 -> 0.5794   acc: 33.63% -> 70.63%             
client [22] (test)  loss: 1.9873 -> 0.1381   acc: 48.49% -> 95.04%             
-------------------------- TRAINING EPOCH: 200 --------------------------      
client [20] (test)  loss: 0.7879 -> 0.1200   acc: 67.83% -> 96.55%             
client [23] (test)  loss: 0.6131 -> 0.1042   acc: 87.69% -> 96.73%             
client [88] (test)  loss: 1.0064 -> 0.2889   acc: 65.32% -> 89.57%             
client [98] (test)  loss: 0.9912 -> 0.0501   acc: 62.85% -> 99.03%             
client [79] (test)  loss: 1.4088 -> 0.2957   acc: 59.43% -> 90.75%             
client [21] (test)  loss: 0.5970 -> 0.0559   acc: 84.20% -> 98.37%             
client [92] (test)  loss: 0.3298 -> 0.0771   acc: 91.88% -> 97.96%             
client [56] (test)  loss: 0.6600 -> 0.0329   acc: 79.95% -> 98.98%             
client [5] (test)  loss: 2.3205 -> 0.1321   acc: 31.97% -> 96.25%              
client [52] (test)  loss: 1.2869 -> 0.3668   acc: 54.78% -> 87.13%             
Training... ---------------------------------------- 100% 1:22:32
==================== pFedLA TEST RESULTS: ====================                 
{                                                                              
    100: {'loss': '0.1845 -> 0.0000', 'accuracy': '94.13% -> 0.00%'},          
    200: {'loss': '0.1552 -> 0.0000', 'accuracy': '94.92% -> 0.00%'}           
}                                                                              
Convergence (test_before):                                                     
pFedLA achieved 10.0%(11.93%) at epoch: 8                                      
pFedLA achieved 20.0%(29.07%) at epoch: 10                                     
pFedLA achieved 30.0%(30.56%) at epoch: 13                                     
pFedLA achieved 40.0%(40.84%) at epoch: 22                                     
pFedLA achieved 50.0%(51.90%) at epoch: 24                                     
pFedLA achieved 60.0%(65.30%) at epoch: 49                                     
pFedLA achieved 70.0%(70.86%) at epoch: 64                                     
pFedLA achieved 80.0%(81.27%) at epoch: 99                                     
Convergence (test_after):                                                      
pFedLA achieved 90.0%(91.60%) at epoch: 0                                      
'rm' 不是内部或外部命令，也不是可运行的程序
或批处理文件。
