Setting up a new session...
==================== ALGORITHM: FedSpeR_dyn ====================               
Experiment Arguments:                                                          
{                                                                              
    'model': 'ModifiedLeNet5',                                                 
    'dataset': 'cinic10',                                                      
    'seed': 42,                                                                
    'join_ratio': 0.1,                                                         
    'global_epoch': 200,                                                       
    'local_epoch': 5,                                                          
    'finetune_epoch': 0,                                                       
    'test_gap': 100,                                                           
    'eval_test': 1,                                                            
    'eval_train': 0,                                                           
    'local_lr': 0.01,                                                          
    'momentum': 0.0,                                                           
    'weight_decay': 0.0,                                                       
    'verbose_gap': 100000,                                                     
    'batch_size': 32,                                                          
    'visible': 1,                                                              
    'global_testset': 0,                                                       
    'straggler_ratio': 0,                                                      
    'straggler_min_local_epoch': 1,                                            
    'external_model_params_file': '',                                          
    'use_cuda': 1,                                                             
    'save_log': 1,                                                             
    'save_model': 0,                                                           
    'save_fig': 1,                                                             
    'save_metrics': 1,                                                         
    'warmup_round': 0.1,                                                       
    'server_momentum': 0.9,                                                    
    'dataset_args': {                                                          
        'dataset': 'cinic10',                                                  
        'client_num': 100,                                                     
        'fraction': 0.5,                                                       
        'seed': 42,                                                            
        'split': 'sample',                                                     
        'alpha': 0.1,                                                          
        'least_samples': 40                                                    
    }                                                                          
}                                                                              
Two smallest elements based on 'weight': ['fc2']
Two smallest elements based on 'weight': ['fc2']
Two smallest elements based on 'weight': ['fc2']
Two smallest elements based on 'weight': ['fc1']
Two smallest elements based on 'weight': ['fc2']
Two smallest elements based on 'weight': ['fc2']
Two smallest elements based on 'weight': ['fc2']
Two smallest elements based on 'weight': ['fc2']
Two smallest elements based on 'weight': ['fc2']
Two smallest elements based on 'weight': ['fc2']
Personalizing... ---------------------------------------- 100% 0:34:36
==================== FedSpeR_dyn TEST RESULTS: ====================            
{                                                                              
    100: {'loss': '2.8257 -> 0.0000', 'accuracy': '54.84% -> 0.00%'},          
    200: {'loss': '1.1605 -> 0.0000', 'accuracy': '83.95% -> 0.00%'}           
}                                                                              
Convergence (test_before):                                                     
FedSpeR_dyn achieved 10.0%(18.25%) at epoch: 1                                 
FedSpeR_dyn achieved 30.0%(32.01%) at epoch: 3                                 
FedSpeR_dyn achieved 50.0%(55.36%) at epoch: 11                                
FedSpeR_dyn achieved 60.0%(66.48%) at epoch: 23                                
FedSpeR_dyn achieved 80.0%(81.57%) at epoch: 24                                
Convergence (test_after):                                                      
FedSpeR_dyn achieved 70.0%(78.83%) at epoch: 0                                 
FedSpeR_dyn achieved 80.0%(84.58%) at epoch: 5                                 
FedSpeR_dyn achieved 90.0%(90.25%) at epoch: 33                                
