Setting up a new session...
==================== ALGORITHM: FedSpeR_gtc ====================               
Experiment Arguments:                                                          
{                                                                              
    'model': 'ModifiedLeNet5',                                                 
    'dataset': 'cifar10',                                                      
    'seed': 42,                                                                
    'join_ratio': 0.1,                                                         
    'global_epoch': 200,                                                       
    'local_epoch': 5,                                                          
    'finetune_epoch': 0,                                                       
    'test_gap': 100,                                                           
    'eval_test': 1,                                                            
    'eval_train': 0,                                                           
    'local_lr': 0.01,                                                          
    'momentum': 0.0,                                                           
    'weight_decay': 0.0,                                                       
    'verbose_gap': 100000,                                                     
    'batch_size': 32,                                                          
    'visible': 1,                                                              
    'global_testset': 0,                                                       
    'straggler_ratio': 0,                                                      
    'straggler_min_local_epoch': 1,                                            
    'external_model_params_file': '',                                          
    'use_cuda': 1,                                                             
    'save_log': 1,                                                             
    'save_model': 0,                                                           
    'save_fig': 1,                                                             
    'save_metrics': 1,                                                         
    'warmup_round': 0.1,                                                       
    'server_momentum': 0.9,                                                    
    'dataset_args': {                                                          
        'dataset': 'cifar10',                                                  
        'client_num': 100,                                                     
        'fraction': 0.5,                                                       
        'seed': 42,                                                            
        'split': 'sample',                                                     
        'alpha': 0.1,                                                          
        'least_samples': 40                                                    
    }                                                                          
}                                                                              
Files already downloaded and verified
Files already downloaded and verified
Two smallest elements based on 'weight': ['fc2']
Two smallest elements based on 'weight': ['fc2']
Two smallest elements based on 'weight': ['fc2']
Two smallest elements based on 'weight': ['fc2']
Two smallest elements based on 'weight': ['fc2']
Two smallest elements based on 'weight': ['classifier']
Personalizing... ---------------------------------------- 100% 0:07:25
==================== FedSpeR_gtc TEST RESULTS: ====================            
{                                                                              
    100: {'loss': '1.5030 -> 0.0000', 'accuracy': '76.67% -> 0.00%'},          
    200: {'loss': '0.8768 -> 0.0000', 'accuracy': '85.54% -> 0.00%'}           
}                                                                              
Convergence (test_before):                                                     
FedSpeR_gtc achieved 10.0%(17.79%) at epoch: 0                                 
FedSpeR_gtc achieved 20.0%(20.63%) at epoch: 2                                 
FedSpeR_gtc achieved 30.0%(33.95%) at epoch: 3                                 
FedSpeR_gtc achieved 50.0%(50.25%) at epoch: 4                                 
FedSpeR_gtc achieved 60.0%(61.43%) at epoch: 20                                
FedSpeR_gtc achieved 80.0%(81.10%) at epoch: 22                                
FedSpeR_gtc achieved 90.0%(93.84%) at epoch: 78                                
Convergence (test_after):                                                      
FedSpeR_gtc achieved 70.0%(76.92%) at epoch: 0                                 
FedSpeR_gtc achieved 80.0%(81.33%) at epoch: 1                                 
FedSpeR_gtc achieved 90.0%(94.04%) at epoch: 11                                
