Setting up a new session...
==================== ALGORITHM: FedSpeR_gtc ====================               
Experiment Arguments:                                                          
{                                                                              
    'model': 'ModifiedLeNet5',                                                 
    'dataset': 'medmnistA',                                                    
    'seed': 42,                                                                
    'join_ratio': 0.1,                                                         
    'global_epoch': 200,                                                       
    'local_epoch': 5,                                                          
    'finetune_epoch': 0,                                                       
    'test_gap': 100,                                                           
    'eval_test': 1,                                                            
    'eval_train': 0,                                                           
    'local_lr': 0.01,                                                          
    'momentum': 0.0,                                                           
    'weight_decay': 0.0,                                                       
    'verbose_gap': 100000,                                                     
    'batch_size': 32,                                                          
    'visible': 1,                                                              
    'global_testset': 0,                                                       
    'straggler_ratio': 0,                                                      
    'straggler_min_local_epoch': 1,                                            
    'external_model_params_file': '',                                          
    'use_cuda': 1,                                                             
    'save_log': 1,                                                             
    'save_model': 0,                                                           
    'save_fig': 1,                                                             
    'save_metrics': 1,                                                         
    'warmup_round': 0.1,                                                       
    'server_momentum': 0.9,                                                    
    'dataset_args': {                                                          
        'dataset': 'medmnistA',                                                
        'client_num': 100,                                                     
        'fraction': 0.5,                                                       
        'seed': 42,                                                            
        'split': 'sample',                                                     
        'alpha': 0.1,                                                          
        'least_samples': 40                                                    
    }                                                                          
}                                                                              
Two smallest elements based on 'weight': ['fc2']
Two smallest elements based on 'weight': ['fc2']
Two smallest elements based on 'weight': ['fc2']
Two smallest elements based on 'weight': ['fc2']
Two smallest elements based on 'weight': ['fc2']
Two smallest elements based on 'weight': ['fc2']
Personalizing... ---------------------------------------- 100% 0:06:58
==================== FedSpeR_gtc TEST RESULTS: ====================            
{                                                                              
    100: {'loss': '0.2199 -> 0.0000', 'accuracy': '94.77% -> 0.00%'},          
    200: {'loss': '0.1528 -> 0.0000', 'accuracy': '97.05% -> 0.00%'}           
}                                                                              
Convergence (test_before):                                                     
FedSpeR_gtc achieved 20.0%(21.44%) at epoch: 1                                 
FedSpeR_gtc achieved 30.0%(33.76%) at epoch: 3                                 
FedSpeR_gtc achieved 40.0%(42.76%) at epoch: 6                                 
FedSpeR_gtc achieved 50.0%(55.13%) at epoch: 11                                
FedSpeR_gtc achieved 60.0%(62.46%) at epoch: 18                                
FedSpeR_gtc achieved 70.0%(77.50%) at epoch: 22                                
FedSpeR_gtc achieved 80.0%(81.15%) at epoch: 28                                
FedSpeR_gtc achieved 90.0%(91.38%) at epoch: 36                                
Convergence (test_after):                                                      
FedSpeR_gtc achieved 70.0%(78.40%) at epoch: 0                                 
FedSpeR_gtc achieved 80.0%(84.68%) at epoch: 1                                 
FedSpeR_gtc achieved 90.0%(92.48%) at epoch: 2                                 
