Setting up a new session...
==================== ALGORITHM: FedSpeR_gtc ====================               
Experiment Arguments:                                                          
{                                                                              
    'model': 'ModifiedLeNet5',                                                 
    'dataset': 'medmnistC',                                                    
    'seed': 42,                                                                
    'join_ratio': 0.1,                                                         
    'global_epoch': 200,                                                       
    'local_epoch': 5,                                                          
    'finetune_epoch': 0,                                                       
    'test_gap': 100,                                                           
    'eval_test': 1,                                                            
    'eval_train': 0,                                                           
    'local_lr': 0.01,                                                          
    'momentum': 0.0,                                                           
    'weight_decay': 0.0,                                                       
    'verbose_gap': 100000,                                                     
    'batch_size': 32,                                                          
    'visible': 1,                                                              
    'global_testset': 0,                                                       
    'straggler_ratio': 0,                                                      
    'straggler_min_local_epoch': 1,                                            
    'external_model_params_file': '',                                          
    'use_cuda': 1,                                                             
    'save_log': 1,                                                             
    'save_model': 0,                                                           
    'save_fig': 1,                                                             
    'save_metrics': 1,                                                         
    'warmup_round': 0.1,                                                       
    'server_momentum': 0.9,                                                    
    'dataset_args': {                                                          
        'dataset': 'medmnistC',                                                
        'client_num': 100,                                                     
        'fraction': 0.5,                                                       
        'seed': 42,                                                            
        'split': 'sample',                                                     
        'alpha': 0.1,                                                          
        'least_samples': 40                                                    
    }                                                                          
}                                                                              
Two smallest elements based on 'weight': ['classifier']
Two smallest elements based on 'weight': ['fc2']
Two smallest elements based on 'weight': ['fc2']
Two smallest elements based on 'weight': ['fc2']
Two smallest elements based on 'weight': ['fc2']
Two smallest elements based on 'weight': ['fc2']
Personalizing... ---------------------------------------- 100% 0:03:01
==================== FedSpeR_gtc TEST RESULTS: ====================            
{                                                                              
    100: {'loss': '0.2591 -> 0.0000', 'accuracy': '93.56% -> 0.00%'},          
    200: {'loss': '0.2759 -> 0.0000', 'accuracy': '95.06% -> 0.00%'}           
}                                                                              
Convergence (test_before):                                                     
FedSpeR_gtc achieved 10.0%(11.82%) at epoch: 0                                 
FedSpeR_gtc achieved 30.0%(37.32%) at epoch: 2                                 
FedSpeR_gtc achieved 70.0%(75.16%) at epoch: 7                                 
FedSpeR_gtc achieved 80.0%(86.11%) at epoch: 50                                
FedSpeR_gtc achieved 90.0%(91.16%) at epoch: 58                                
Convergence (test_after):                                                      
FedSpeR_gtc achieved 70.0%(71.25%) at epoch: 0                                 
FedSpeR_gtc achieved 80.0%(84.28%) at epoch: 5                                 
FedSpeR_gtc achieved 90.0%(91.18%) at epoch: 16                                
