Setting up a new session...
==================== ALGORITHM: FedLC ====================                     
Experiment Arguments:                                                          
{                                                                              
    'model': 'lenet5',                                                         
    'dataset': 'mnist',                                                        
    'seed': 42,                                                                
    'join_ratio': 0.1,                                                         
    'global_epoch': 200,                                                       
    'local_epoch': 5,                                                          
    'finetune_epoch': 0,                                                       
    'test_gap': 100,                                                           
    'eval_test': 1,                                                            
    'eval_train': 0,                                                           
    'local_lr': 0.01,                                                          
    'momentum': 0.0,                                                           
    'weight_decay': 0.0,                                                       
    'verbose_gap': 10,                                                         
    'batch_size': 32,                                                          
    'visible': 1,                                                              
    'global_testset': 0,                                                       
    'straggler_ratio': 0,                                                      
    'straggler_min_local_epoch': 1,                                            
    'external_model_params_file': '',                                          
    'use_cuda': 1,                                                             
    'save_log': 1,                                                             
    'save_model': 0,                                                           
    'save_fig': 1,                                                             
    'save_metrics': 1,                                                         
    'viz_win_name': None,                                                      
    'tau': 1.0,                                                                
    'dataset_args': {                                                          
        'dataset': 'mnist',                                                    
        'client_num': 100,                                                     
        'fraction': 0.5,                                                       
        'seed': 42,                                                            
        'split': 'sample',                                                     
        'alpha': 0.1,                                                          
        'least_samples': 40                                                    
    }                                                                          
}                                                                              
-------------------------- TRAINING EPOCH: 10 --------------------------       
client [77] (test)  loss: 2.5093 -> 2.5027   acc: 0.00% -> 0.00%               
client [81] (test)  loss: 1.2156 -> 0.5613   acc: 82.35% -> 97.06%             
client [21] (test)  loss: 32.1349 -> 0.2453   acc: 28.37% -> 98.70%            
client [68] (test)  loss: 1.7039 -> 1.1650   acc: 35.29% -> 56.21%             
client [93] (test)  loss: 1.3903 -> 0.3933   acc: 65.90% -> 95.08%             
client [31] (test)  loss: 2.4935 -> 1.0453   acc: 9.63% -> 72.94%              
client [20] (test)  loss: 1.7679 -> 1.2973   acc: 13.89% -> 18.06%             
client [59] (test)  loss: 20.4848 -> 0.4028   acc: 53.90% -> 98.54%            
client [48] (test)  loss: 1.1291 -> 0.5391   acc: 78.68% -> 86.82%             
client [34] (test)  loss: 1.5416 -> 0.8049   acc: 57.35% -> 83.33%             
-------------------------- TRAINING EPOCH: 20 --------------------------       
client [69] (test)  loss: 0.3694 -> 0.0982   acc: 90.56% -> 98.06%             
client [99] (test)  loss: 0.3719 -> 0.0429   acc: 93.68% -> 98.81%             
client [67] (test)  loss: 0.7954 -> 0.2878   acc: 70.80% -> 94.69%             
client [0] (test)  loss: 1.5533 -> 0.5015   acc: 34.74% -> 90.12%              
client [76] (test)  loss: 1.7023 -> 1.2577   acc: 36.11% -> 63.89%             
client [41] (test)  loss: 0.3718 -> 0.1794   acc: 86.35% -> 95.53%             
client [62] (test)  loss: 53.1738 -> 0.7898   acc: 33.33% -> 75.35%            
client [2] (test)  loss: 61.2342 -> 0.5369   acc: 26.36% -> 86.05%             
client [14] (test)  loss: 1.1515 -> 0.2544   acc: 43.85% -> 94.26%             
client [46] (test)  loss: 0.4638 -> 0.2702   acc: 86.99% -> 93.35%             
-------------------------- TRAINING EPOCH: 30 --------------------------       
client [24] (test)  loss: 0.7828 -> 0.5250   acc: 84.00% -> 84.00%             
client [68] (test)  loss: 0.4693 -> 0.3074   acc: 90.85% -> 92.81%             
client [57] (test)  loss: 0.4183 -> 0.1793   acc: 91.98% -> 96.30%             
client [17] (test)  loss: 0.2038 -> 0.0852   acc: 95.56% -> 100.00%            
client [54] (test)  loss: 0.7090 -> 0.3446   acc: 78.26% -> 89.86%             
client [23] (test)  loss: 10.0976 -> 0.4657   acc: 89.23% -> 92.31%            
client [35] (test)  loss: 0.4890 -> 0.2232   acc: 83.55% -> 93.07%             
client [59] (test)  loss: 0.3548 -> 0.1820   acc: 87.80% -> 96.59%             
client [31] (test)  loss: 0.7435 -> 0.3633   acc: 80.28% -> 91.74%             
client [9] (test)  loss: 0.3933 -> 0.1090   acc: 92.72% -> 97.71%              
-------------------------- TRAINING EPOCH: 40 --------------------------       
client [64] (test)  loss: 0.6442 -> 0.5550   acc: 81.34% -> 84.01%             
client [33] (test)  loss: 0.6708 -> 0.3441   acc: 76.98% -> 91.07%             
client [16] (test)  loss: 0.2884 -> 0.2472   acc: 91.53% -> 92.62%             
client [44] (test)  loss: 2.0393 -> 0.9630   acc: 36.18% -> 54.94%             
client [8] (test)  loss: 0.5297 -> 0.2129   acc: 83.15% -> 94.94%              
client [31] (test)  loss: 0.7406 -> 0.2953   acc: 70.18% -> 92.20%             
client [47] (test)  loss: 0.5240 -> 0.6765   acc: 88.24% -> 86.55%             
client [36] (test)  loss: 1.2598 -> 1.0145   acc: 62.50% -> 75.00%             
client [20] (test)  loss: 0.1674 -> 0.1639   acc: 94.44% -> 94.44%             
client [56] (test)  loss: 0.7353 -> 0.5666   acc: 84.38% -> 84.38%             
-------------------------- TRAINING EPOCH: 50 --------------------------       
client [4] (test)  loss: 0.6732 -> 0.2031   acc: 79.41% -> 95.12%              
client [60] (test)  loss: 1.5889 -> 2.4733   acc: 59.80% -> 36.24%             
client [28] (test)  loss: 0.0866 -> 0.0846   acc: 98.81% -> 98.81%             
client [25] (test)  loss: 0.2879 -> 0.1314   acc: 92.05% -> 95.93%             
client [58] (test)  loss: 0.6033 -> 0.2584   acc: 77.31% -> 93.00%             
client [44] (test)  loss: 0.5309 -> 0.5341   acc: 87.10% -> 86.77%             
client [39] (test)  loss: 0.5222 -> 0.1544   acc: 84.07% -> 94.69%             
client [29] (test)  loss: 0.3516 -> 0.2137   acc: 87.17% -> 93.46%             
client [3] (test)  loss: 0.5092 -> 0.5199   acc: 89.20% -> 87.81%              
client [84] (test)  loss: 0.5593 -> 0.5503   acc: 88.01% -> 83.51%             
-------------------------- TRAINING EPOCH: 60 --------------------------       
client [21] (test)  loss: 0.6199 -> 0.0537   acc: 81.61% -> 98.19%             
client [84] (test)  loss: 0.4338 -> 0.4939   acc: 87.79% -> 84.58%             
client [10] (test)  loss: 0.3095 -> 0.1087   acc: 89.33% -> 97.33%             
client [36] (test)  loss: 0.6607 -> 0.6751   acc: 79.17% -> 79.17%             
client [65] (test)  loss: 0.2765 -> 0.1137   acc: 92.66% -> 96.61%             
client [81] (test)  loss: 0.5431 -> 0.1883   acc: 79.41% -> 94.12%             
client [79] (test)  loss: 0.3494 -> 0.1201   acc: 87.78% -> 96.01%             
client [42] (test)  loss: 0.3430 -> 0.2424   acc: 90.70% -> 94.19%             
client [11] (test)  loss: 0.2921 -> 0.1439   acc: 89.84% -> 95.45%             
client [96] (test)  loss: 0.3222 -> 0.2323   acc: 88.54% -> 92.84%             
-------------------------- TRAINING EPOCH: 70 --------------------------       
client [8] (test)  loss: 0.3953 -> 0.2311   acc: 86.52% -> 93.82%              
client [53] (test)  loss: 0.1088 -> 0.0916   acc: 96.65% -> 97.61%             
client [52] (test)  loss: 0.1240 -> 0.1756   acc: 96.10% -> 96.10%             
client [42] (test)  loss: 0.2884 -> 0.1816   acc: 93.02% -> 95.35%             
client [69] (test)  loss: 0.2519 -> 0.0427   acc: 93.33% -> 98.89%             
client [59] (test)  loss: 0.2197 -> 0.1586   acc: 92.20% -> 94.63%             
client [7] (test)  loss: 0.5597 -> 0.1488   acc: 79.31% -> 95.14%              
client [26] (test)  loss: 0.4184 -> 0.2126   acc: 84.96% -> 93.79%             
client [49] (test)  loss: 0.4046 -> 0.2410   acc: 87.99% -> 92.74%             
client [98] (test)  loss: 0.3523 -> 0.2611   acc: 85.29% -> 88.24%             
-------------------------- TRAINING EPOCH: 80 --------------------------       
client [98] (test)  loss: 0.2934 -> 0.1857   acc: 91.18% -> 94.12%             
client [47] (test)  loss: 1.9964 -> 0.6523   acc: 46.50% -> 81.51%             
client [21] (test)  loss: 0.4872 -> 0.0417   acc: 86.01% -> 98.58%             
client [77] (test)  loss: 0.4829 -> 0.4413   acc: 84.24% -> 85.87%             
client [95] (test)  loss: 0.1705 -> 0.0747   acc: 95.15% -> 97.99%             
client [91] (test)  loss: 0.2737 -> 0.1776   acc: 94.12% -> 96.64%             
client [14] (test)  loss: 0.6150 -> 0.1100   acc: 76.64% -> 97.54%             
client [99] (test)  loss: 0.1349 -> 0.0261   acc: 96.44% -> 99.21%             
client [20] (test)  loss: 0.1533 -> 0.1449   acc: 95.83% -> 95.83%             
client [39] (test)  loss: 0.6404 -> 0.1382   acc: 77.43% -> 96.02%             
-------------------------- TRAINING EPOCH: 90 --------------------------       
client [52] (test)  loss: 0.2010 -> 0.2217   acc: 94.81% -> 94.81%             
client [62] (test)  loss: 0.5021 -> 0.4343   acc: 80.11% -> 84.31%             
client [71] (test)  loss: 0.2174 -> 0.1388   acc: 93.07% -> 95.09%             
client [97] (test)  loss: 0.0978 -> 0.0852   acc: 96.78% -> 97.32%             
client [30] (test)  loss: 0.1673 -> 0.1315   acc: 96.88% -> 96.88%             
client [88] (test)  loss: 0.4141 -> 0.4108   acc: 83.56% -> 83.56%             
client [60] (test)  loss: 2.0764 -> 2.4399   acc: 52.28% -> 41.58%             
client [82] (test)  loss: 0.2628 -> 0.2828   acc: 95.10% -> 97.06%             
client [91] (test)  loss: 0.3035 -> 0.2092   acc: 93.28% -> 96.64%             
client [57] (test)  loss: 0.7036 -> 0.2053   acc: 73.15% -> 92.90%             
-------------------------- TRAINING EPOCH: 100 --------------------------      
client [31] (test)  loss: 0.3616 -> 0.2250   acc: 87.61% -> 93.58%             
client [15] (test)  loss: 0.0218 -> 0.0182   acc: 100.00% -> 100.00%           
client [71] (test)  loss: 0.1981 -> 0.1151   acc: 94.08% -> 96.47%             
client [97] (test)  loss: 0.0626 -> 0.0601   acc: 98.12% -> 97.59%             
client [53] (test)  loss: 0.1506 -> 0.0754   acc: 93.78% -> 96.65%             
client [77] (test)  loss: 0.4200 -> 0.4279   acc: 85.87% -> 86.41%             
client [76] (test)  loss: 0.3987 -> 0.4140   acc: 88.89% -> 88.89%             
client [79] (test)  loss: 0.1486 -> 0.0818   acc: 94.76% -> 97.26%             
client [28] (test)  loss: 0.1219 -> 0.0478   acc: 97.62% -> 98.81%             
client [99] (test)  loss: 0.0781 -> 0.0213   acc: 97.63% -> 99.47%             
-------------------------- TRAINING EPOCH: 110 --------------------------      
client [97] (test)  loss: 0.0844 -> 0.0728   acc: 97.32% -> 97.05%             
client [86] (test)  loss: 0.3199 -> 0.2780   acc: 83.67% -> 85.71%             
client [34] (test)  loss: 0.0576 -> 0.0420   acc: 99.02% -> 99.02%             
client [73] (test)  loss: 0.1631 -> 0.0595   acc: 94.93% -> 98.31%             
client [5] (test)  loss: 0.2221 -> 0.1226   acc: 94.42% -> 96.74%              
client [96] (test)  loss: 0.2040 -> 0.1443   acc: 93.12% -> 95.42%             
client [22] (test)  loss: 0.2554 -> 0.2104   acc: 92.79% -> 93.53%             
client [60] (test)  loss: 1.8681 -> 1.6476   acc: 56.44% -> 60.20%             
client [66] (test)  loss: 0.2347 -> 0.2551   acc: 92.71% -> 92.71%             
client [83] (test)  loss: 0.4461 -> 0.1446   acc: 87.82% -> 96.45%             
-------------------------- TRAINING EPOCH: 120 --------------------------      
client [76] (test)  loss: 0.5445 -> 0.5368   acc: 83.33% -> 83.33%             
client [65] (test)  loss: 0.1011 -> 0.0592   acc: 97.18% -> 98.31%             
client [95] (test)  loss: 0.1461 -> 0.0704   acc: 95.65% -> 97.83%             
client [17] (test)  loss: 0.3196 -> 0.0064   acc: 84.44% -> 100.00%            
client [8] (test)  loss: 0.1957 -> 0.1679   acc: 94.66% -> 96.07%              
client [35] (test)  loss: 0.1712 -> 0.1278   acc: 95.67% -> 96.97%             
client [98] (test)  loss: 0.2845 -> 0.2302   acc: 88.24% -> 91.18%             
client [53] (test)  loss: 0.1121 -> 0.0822   acc: 95.22% -> 97.61%             
client [43] (test)  loss: 0.6431 -> 0.0801   acc: 77.88% -> 97.70%             
client [64] (test)  loss: 0.4817 -> 0.4636   acc: 83.05% -> 83.90%             
-------------------------- TRAINING EPOCH: 130 --------------------------      
client [21] (test)  loss: 0.5674 -> 0.0567   acc: 83.42% -> 98.19%             
client [88] (test)  loss: 0.3277 -> 0.2998   acc: 87.12% -> 87.95%             
client [38] (test)  loss: 0.5374 -> 0.5354   acc: 82.59% -> 82.59%             
client [3] (test)  loss: 0.5515 -> 0.5270   acc: 79.22% -> 80.89%              
client [5] (test)  loss: 0.2415 -> 0.1159   acc: 93.02% -> 96.74%              
client [41] (test)  loss: 0.1709 -> 0.0664   acc: 94.12% -> 97.41%             
client [7] (test)  loss: 0.4108 -> 0.1304   acc: 85.42% -> 95.56%              
client [37] (test)  loss: 0.3640 -> 0.2770   acc: 84.21% -> 88.16%             
client [45] (test)  loss: 0.3931 -> 0.2460   acc: 86.26% -> 93.13%             
client [47] (test)  loss: 2.1771 -> 0.7159   acc: 46.78% -> 80.11%             
-------------------------- TRAINING EPOCH: 140 --------------------------      
client [16] (test)  loss: 0.2487 -> 0.1881   acc: 92.90% -> 93.72%             
client [11] (test)  loss: 0.1949 -> 0.1151   acc: 93.58% -> 96.79%             
client [37] (test)  loss: 0.3569 -> 0.3025   acc: 84.21% -> 88.16%             
client [41] (test)  loss: 0.1390 -> 0.0597   acc: 94.12% -> 97.88%             
client [95] (test)  loss: 0.1147 -> 0.0561   acc: 95.82% -> 97.99%             
client [53] (test)  loss: 0.1942 -> 0.0701   acc: 91.39% -> 97.13%             
client [22] (test)  loss: 0.3114 -> 0.1647   acc: 90.74% -> 94.85%             
client [25] (test)  loss: 0.2068 -> 0.0908   acc: 93.16% -> 96.67%             
client [69] (test)  loss: 0.2037 -> 0.0404   acc: 94.44% -> 98.89%             
client [46] (test)  loss: 0.1009 -> 0.0856   acc: 97.98% -> 99.13%             
-------------------------- TRAINING EPOCH: 150 --------------------------      
client [47] (test)  loss: 1.8846 -> 0.7512   acc: 50.98% -> 79.55%             
client [69] (test)  loss: 0.3308 -> 0.0417   acc: 88.61% -> 98.33%             
client [82] (test)  loss: 0.2291 -> 0.2453   acc: 94.12% -> 93.14%             
client [45] (test)  loss: 0.4574 -> 0.2688   acc: 83.52% -> 93.68%             
client [7] (test)  loss: 0.3425 -> 0.1331   acc: 88.61% -> 95.83%              
client [50] (test)  loss: 0.3685 -> 0.0543   acc: 90.23% -> 98.12%             
client [35] (test)  loss: 0.2430 -> 0.1481   acc: 90.91% -> 96.10%             
client [24] (test)  loss: 0.4910 -> 0.4415   acc: 88.00% -> 86.00%             
client [15] (test)  loss: 0.0143 -> 0.0131   acc: 100.00% -> 100.00%           
client [58] (test)  loss: 0.5222 -> 0.1800   acc: 82.07% -> 95.80%             
-------------------------- TRAINING EPOCH: 160 --------------------------      
client [48] (test)  loss: 0.1446 -> 0.0407   acc: 94.96% -> 98.45%             
client [76] (test)  loss: 0.4537 -> 0.4470   acc: 86.11% -> 88.89%             
client [67] (test)  loss: 0.2540 -> 0.0635   acc: 92.04% -> 97.35%             
client [37] (test)  loss: 0.2540 -> 0.2137   acc: 89.47% -> 92.11%             
client [58] (test)  loss: 0.3806 -> 0.1515   acc: 86.55% -> 96.64%             
client [64] (test)  loss: 0.4121 -> 0.3661   acc: 85.39% -> 88.17%             
client [77] (test)  loss: 0.5897 -> 0.5510   acc: 81.79% -> 81.52%             
client [55] (test)  loss: 0.2872 -> 0.0797   acc: 89.95% -> 97.24%             
client [12] (test)  loss: 0.1445 -> 0.0762   acc: 94.62% -> 98.92%             
client [89] (test)  loss: 0.1799 -> 0.0940   acc: 94.50% -> 97.31%             
-------------------------- TRAINING EPOCH: 170 --------------------------      
client [84] (test)  loss: 0.5281 -> 0.5135   acc: 84.58% -> 85.87%             
client [51] (test)  loss: 0.1685 -> 0.1478   acc: 94.99% -> 93.45%             
client [8] (test)  loss: 0.1726 -> 0.1543   acc: 95.22% -> 95.51%              
client [18] (test)  loss: 1.1906 -> 0.1987   acc: 67.42% -> 92.42%             
client [94] (test)  loss: 0.2298 -> 0.1318   acc: 92.65% -> 97.96%             
client [81] (test)  loss: 0.0716 -> 0.0720   acc: 97.06% -> 97.06%             
client [3] (test)  loss: 0.5146 -> 0.4845   acc: 81.44% -> 82.83%              
client [11] (test)  loss: 0.1595 -> 0.1095   acc: 95.72% -> 97.06%             
client [95] (test)  loss: 0.1435 -> 0.0706   acc: 95.99% -> 96.99%             
client [67] (test)  loss: 0.1822 -> 0.0595   acc: 94.25% -> 96.90%             
-------------------------- TRAINING EPOCH: 180 --------------------------      
client [21] (test)  loss: 0.5556 -> 0.0597   acc: 83.94% -> 97.93%             
client [79] (test)  loss: 0.2161 -> 0.0726   acc: 92.77% -> 97.26%             
client [58] (test)  loss: 0.3076 -> 0.1880   acc: 90.48% -> 95.80%             
client [88] (test)  loss: 0.1609 -> 0.2613   acc: 94.79% -> 90.41%             
client [46] (test)  loss: 0.1090 -> 0.0685   acc: 96.82% -> 99.42%             
client [11] (test)  loss: 0.2218 -> 0.1055   acc: 93.58% -> 97.06%             
client [55] (test)  loss: 0.4099 -> 0.0810   acc: 86.18% -> 96.98%             
client [13] (test)  loss: 0.7290 -> 0.0754   acc: 78.78% -> 97.55%             
client [31] (test)  loss: 0.5130 -> 0.1917   acc: 81.19% -> 94.04%             
client [75] (test)  loss: 0.3522 -> 0.1285   acc: 88.01% -> 94.76%             
-------------------------- TRAINING EPOCH: 190 --------------------------      
client [19] (test)  loss: 0.1386 -> 0.1406   acc: 95.87% -> 96.46%             
client [7] (test)  loss: 0.2448 -> 0.1031   acc: 91.25% -> 97.22%              
client [57] (test)  loss: 0.2370 -> 0.1216   acc: 92.13% -> 95.22%             
client [13] (test)  loss: 0.7021 -> 0.0642   acc: 77.76% -> 97.96%             
client [43] (test)  loss: 0.4931 -> 0.0739   acc: 84.33% -> 96.77%             
client [91] (test)  loss: 0.3034 -> 0.1725   acc: 90.76% -> 94.96%             
client [10] (test)  loss: 0.1496 -> 0.1087   acc: 94.67% -> 97.33%             
client [64] (test)  loss: 0.3973 -> 0.3978   acc: 87.10% -> 87.10%             
client [82] (test)  loss: 0.4841 -> 0.4803   acc: 83.33% -> 81.37%             
client [22] (test)  loss: 0.2742 -> 0.2216   acc: 91.03% -> 92.06%             
-------------------------- TRAINING EPOCH: 200 --------------------------      
client [20] (test)  loss: 0.1089 -> 0.1025   acc: 95.83% -> 95.83%             
client [23] (test)  loss: 0.1847 -> 0.1201   acc: 93.85% -> 96.92%             
client [88] (test)  loss: 0.5893 -> 0.3018   acc: 78.63% -> 87.67%             
client [98] (test)  loss: 0.1689 -> 0.1164   acc: 94.12% -> 94.12%             
client [79] (test)  loss: 0.1169 -> 0.0791   acc: 95.26% -> 97.26%             
client [21] (test)  loss: 0.8163 -> 0.0656   acc: 76.81% -> 97.93%             
client [92] (test)  loss: 0.0802 -> 0.0335   acc: 97.25% -> 98.67%             
client [56] (test)  loss: 0.5499 -> 0.5204   acc: 76.56% -> 78.12%             
client [5] (test)  loss: 0.1974 -> 0.1036   acc: 93.49% -> 96.74%              
client [52] (test)  loss: 0.2012 -> 0.2049   acc: 93.51% -> 96.10%             
Training... ---------------------------------------- 100% 0:08:46
==================== FedLC TEST RESULTS: ====================                  
{                                                                              
    100: {'loss': '0.4005 -> 0.0000', 'accuracy': '87.43% -> 0.00%'},          
    200: {'loss': '0.3756 -> 0.0000', 'accuracy': '88.54% -> 0.00%'}           
}                                                                              
Convergence (test_before):                                                     
FedLC achieved 30.0%(33.86%) at epoch: 2                                       
FedLC achieved 40.0%(40.32%) at epoch: 7                                       
FedLC achieved 60.0%(67.38%) at epoch: 10                                      
FedLC achieved 70.0%(79.64%) at epoch: 13                                      
FedLC achieved 80.0%(81.71%) at epoch: 24                                      
FedLC achieved 90.0%(90.57%) at epoch: 50                                      
Convergence (test_after):                                                      
FedLC achieved 50.0%(58.47%) at epoch: 0                                       
FedLC achieved 70.0%(70.22%) at epoch: 2                                       
FedLC achieved 80.0%(89.94%) at epoch: 6                                       
FedLC achieved 90.0%(95.42%) at epoch: 10                                      
