Setting up a new session...
==================== ALGORITHM: pFedHN ====================                    
Experiment Arguments:                                                          
{                                                                              
    'model': 'lenet5',                                                         
    'dataset': 'mnist',                                                        
    'seed': 42,                                                                
    'join_ratio': 0.1,                                                         
    'global_epoch': 200,                                                       
    'local_epoch': 5,                                                          
    'finetune_epoch': 0,                                                       
    'test_gap': 100,                                                           
    'eval_test': 1,                                                            
    'eval_train': 0,                                                           
    'local_lr': 0.01,                                                          
    'momentum': 0.0,                                                           
    'weight_decay': 0.0,                                                       
    'verbose_gap': 10,                                                         
    'batch_size': 32,                                                          
    'visible': 1,                                                              
    'global_testset': 0,                                                       
    'straggler_ratio': 0,                                                      
    'straggler_min_local_epoch': 1,                                            
    'external_model_params_file': '',                                          
    'use_cuda': 1,                                                             
    'save_log': 1,                                                             
    'save_model': 0,                                                           
    'save_fig': 1,                                                             
    'save_metrics': 1,                                                         
    'viz_win_name': None,                                                      
    'version': 'pfedhn',                                                       
    'embed_dim': -1,                                                           
    'hn_lr': 0.01,                                                             
    'embed_lr': None,                                                          
    'hn_momentum': 0.9,                                                        
    'hn_weight_decay': 0.001,                                                  
    'hidden_dim': 100,                                                         
    'hidden_num': 3,                                                           
    'norm_clip': 50,                                                           
    'dataset_args': {                                                          
        'dataset': 'mnist',                                                    
        'client_num': 100,                                                     
        'fraction': 0.5,                                                       
        'seed': 42,                                                            
        'split': 'sample',                                                     
        'alpha': 0.1,                                                          
        'least_samples': 40                                                    
    }                                                                          
}                                                                              
-------------------------- TRAINING EPOCH: 10 --------------------------       
client [77] (test)  loss: 2.4354 -> 0.0230   acc: 0.00% -> 100.00%             
client [81] (test)  loss: 2.3507 -> 1.7788   acc: 0.00% -> 91.18%              
client [21] (test)  loss: 3.1303 -> 0.0412   acc: 0.00% -> 99.35%              
client [68] (test)  loss: 2.3415 -> 1.9773   acc: 0.00% -> 49.67%              
client [93] (test)  loss: 2.2051 -> 1.1400   acc: 0.00% -> 57.70%              
client [31] (test)  loss: 2.3800 -> 1.2561   acc: 0.00% -> 65.14%              
client [20] (test)  loss: 2.3024 -> 1.5038   acc: 0.00% -> 86.11%              
client [59] (test)  loss: 2.3672 -> 1.1994   acc: 0.98% -> 53.90%              
client [48] (test)  loss: 2.3182 -> 1.7635   acc: 2.71% -> 44.57%              
client [34] (test)  loss: 2.0918 -> 0.6615   acc: 83.33% -> 83.33%             
-------------------------- TRAINING EPOCH: 20 --------------------------       
client [69] (test)  loss: 3.6281 -> 0.3364   acc: 11.11% -> 91.39%             
client [99] (test)  loss: 3.3810 -> 0.0830   acc: 0.00% -> 98.95%              
client [67] (test)  loss: 2.1713 -> 0.8852   acc: 10.18% -> 72.12%             
client [0] (test)  loss: 2.1724 -> 0.0522   acc: 3.63% -> 98.84%               
client [76] (test)  loss: 2.3832 -> 0.4263   acc: 2.78% -> 94.44%              
client [41] (test)  loss: 2.0126 -> 0.1617   acc: 20.94% -> 95.06%             
client [62] (test)  loss: 27.7815 -> 0.3894   acc: 25.21% -> 85.99%            
client [2] (test)  loss: 17.3197 -> 0.2843   acc: 0.00% -> 94.96%              
client [14] (test)  loss: 1.4411 -> 0.1883   acc: 58.61% -> 94.67%             
client [46] (test)  loss: 2.8129 -> 0.3200   acc: 7.23% -> 90.75%              
-------------------------- TRAINING EPOCH: 30 --------------------------       
client [24] (test)  loss: 1.1574 -> 0.4969   acc: 66.00% -> 86.00%             
client [68] (test)  loss: 5.6986 -> 0.5306   acc: 20.26% -> 84.31%             
client [57] (test)  loss: 1.1778 -> 0.0422   acc: 69.91% -> 98.61%             
client [17] (test)  loss: 8.7370 -> 0.2969   acc: 6.67% -> 91.11%              
client [54] (test)  loss: 2.0261 -> 0.3049   acc: 26.81% -> 89.13%             
client [23] (test)  loss: 215.5325 -> 0.4740   acc: 12.31% -> 81.54%           
client [35] (test)  loss: 1.9255 -> 0.3748   acc: 46.75% -> 86.58%             
client [59] (test)  loss: 0.7582 -> 0.0736   acc: 79.27% -> 98.05%             
client [31] (test)  loss: 1.8524 -> 0.3722   acc: 32.11% -> 88.07%             
client [9] (test)  loss: 5.4868 -> 0.1336   acc: 9.15% -> 96.05%               
-------------------------- TRAINING EPOCH: 40 --------------------------       
client [64] (test)  loss: 0.3308 -> 0.0005   acc: 88.59% -> 100.00%            
client [33] (test)  loss: 1.5626 -> 0.1600   acc: 61.51% -> 94.16%             
client [16] (test)  loss: 1.2329 -> 0.0412   acc: 53.28% -> 98.63%             
client [44] (test)  loss: 7.2239 -> 0.0006   acc: 73.20% -> 100.00%            
client [8] (test)  loss: 1.4310 -> 0.3207   acc: 55.62% -> 89.89%              
client [31] (test)  loss: 1.5417 -> 0.1559   acc: 45.87% -> 94.95%             
client [47] (test)  loss: 24.0308 -> 0.0084   acc: 1.12% -> 99.44%             
client [36] (test)  loss: 3.9305 -> 0.0170   acc: 0.00% -> 100.00%             
client [20] (test)  loss: 1.7883 -> 0.2444   acc: 54.17% -> 97.22%             
client [56] (test)  loss: 0.3491 -> 0.0560   acc: 92.19% -> 96.88%             
-------------------------- TRAINING EPOCH: 50 --------------------------       
client [4] (test)  loss: 0.4161 -> 0.0113   acc: 89.81% -> 99.79%              
client [60] (test)  loss: 11.1196 -> 0.0042   acc: 0.00% -> 99.80%             
client [28] (test)  loss: 7.3135 -> 0.3058   acc: 58.33% -> 94.05%             
client [25] (test)  loss: 7.2735 -> 0.2068   acc: 32.16% -> 93.35%             
client [58] (test)  loss: 0.5799 -> 0.1548   acc: 86.55% -> 94.40%             
client [44] (test)  loss: 0.3812 -> 0.0011   acc: 86.93% -> 100.00%            
client [39] (test)  loss: 1.7155 -> 0.2159   acc: 50.44% -> 92.04%             
client [29] (test)  loss: 1.8517 -> 0.0623   acc: 64.16% -> 97.34%             
client [3] (test)  loss: 0.4370 -> 0.0006   acc: 87.53% -> 100.00%             
client [84] (test)  loss: 0.4757 -> 0.0307   acc: 91.43% -> 99.14%             
-------------------------- TRAINING EPOCH: 60 --------------------------       
client [21] (test)  loss: 0.0556 -> 0.0065   acc: 98.06% -> 99.87%             
client [84] (test)  loss: 0.2052 -> 0.0214   acc: 96.36% -> 99.14%             
client [10] (test)  loss: 1.8479 -> 0.1033   acc: 37.33% -> 96.00%             
client [36] (test)  loss: 2.5993 -> 0.0212   acc: 29.17% -> 100.00%            
client [65] (test)  loss: 0.7627 -> 0.0957   acc: 75.14% -> 97.18%             
client [81] (test)  loss: 1.0229 -> 0.1697   acc: 73.53% -> 97.06%             
client [79] (test)  loss: 1.9635 -> 0.1456   acc: 44.64% -> 95.51%             
client [42] (test)  loss: 0.8450 -> 0.2320   acc: 75.58% -> 93.02%             
client [11] (test)  loss: 1.0571 -> 0.1065   acc: 66.31% -> 97.06%             
client [96] (test)  loss: 1.0214 -> 0.1238   acc: 67.05% -> 95.13%             
-------------------------- TRAINING EPOCH: 70 --------------------------       
client [8] (test)  loss: 0.6485 -> 0.1838   acc: 80.06% -> 92.98%              
client [53] (test)  loss: 0.2895 -> 0.1494   acc: 89.47% -> 93.78%             
client [52] (test)  loss: 0.7031 -> 0.1414   acc: 85.71% -> 96.10%             
client [42] (test)  loss: 0.3552 -> 0.1770   acc: 89.53% -> 96.51%             
client [69] (test)  loss: 0.9858 -> 0.0663   acc: 78.33% -> 97.50%             
client [59] (test)  loss: 0.2463 -> 0.0211   acc: 91.22% -> 99.51%             
client [7] (test)  loss: 0.2427 -> 0.0205   acc: 91.53% -> 99.31%              
client [26] (test)  loss: 0.1076 -> 0.0540   acc: 96.18% -> 98.57%             
client [49] (test)  loss: 1.0937 -> 0.2134   acc: 74.02% -> 95.53%             
client [98] (test)  loss: 1.0297 -> 0.5780   acc: 79.41% -> 85.29%             
-------------------------- TRAINING EPOCH: 80 --------------------------       
client [98] (test)  loss: 1.1588 -> 0.6177   acc: 79.41% -> 85.29%             
client [47] (test)  loss: 3.8249 -> 0.0019   acc: 28.57% -> 100.00%            
client [21] (test)  loss: 0.2563 -> 0.0038   acc: 93.13% -> 99.87%             
client [77] (test)  loss: 0.2710 -> 0.0019   acc: 91.03% -> 100.00%            
client [95] (test)  loss: 0.2229 -> 0.0276   acc: 93.31% -> 99.16%             
client [91] (test)  loss: 0.2313 -> 0.1028   acc: 93.28% -> 97.48%             
client [14] (test)  loss: 0.5966 -> 0.1782   acc: 87.70% -> 95.49%             
client [99] (test)  loss: 0.2998 -> 0.0114   acc: 89.99% -> 99.60%             
client [20] (test)  loss: 0.4916 -> 0.1971   acc: 80.56% -> 97.22%             
client [39] (test)  loss: 1.6576 -> 0.1547   acc: 64.16% -> 96.46%             
-------------------------- TRAINING EPOCH: 90 --------------------------       
client [52] (test)  loss: 0.4574 -> 0.1456   acc: 89.61% -> 97.40%             
client [62] (test)  loss: 0.3139 -> 0.1643   acc: 92.72% -> 95.80%             
client [71] (test)  loss: 0.2638 -> 0.0727   acc: 92.44% -> 97.61%             
client [97] (test)  loss: 0.2424 -> 0.0025   acc: 91.96% -> 100.00%            
client [30] (test)  loss: 0.4723 -> 0.1139   acc: 81.25% -> 96.88%             
client [88] (test)  loss: 0.3207 -> 0.0561   acc: 90.41% -> 98.90%             
client [60] (test)  loss: 0.8652 -> 0.0027   acc: 79.41% -> 100.00%            
client [82] (test)  loss: 0.0977 -> 0.0566   acc: 97.06% -> 98.04%             
client [91] (test)  loss: 0.4083 -> 0.0977   acc: 90.76% -> 97.48%             
client [57] (test)  loss: 0.5070 -> 0.0049   acc: 85.03% -> 99.85%             
-------------------------- TRAINING EPOCH: 100 --------------------------      
client [31] (test)  loss: 0.5315 -> 0.0908   acc: 82.11% -> 97.71%             
client [15] (test)  loss: 0.4426 -> 0.0121   acc: 85.71% -> 100.00%            
client [71] (test)  loss: 0.1795 -> 0.0711   acc: 94.46% -> 97.48%             
client [97] (test)  loss: 0.1186 -> 0.0026   acc: 95.98% -> 100.00%            
client [53] (test)  loss: 0.3735 -> 0.1338   acc: 86.60% -> 95.22%             
client [77] (test)  loss: 0.3273 -> 0.0013   acc: 89.67% -> 100.00%            
client [76] (test)  loss: 0.5740 -> 0.2736   acc: 88.89% -> 91.67%             
client [79] (test)  loss: 0.5955 -> 0.1274   acc: 86.28% -> 96.51%             
client [28] (test)  loss: 0.4213 -> 0.2079   acc: 90.48% -> 96.43%             
client [99] (test)  loss: 0.2213 -> 0.0040   acc: 93.15% -> 99.87%             
-------------------------- TRAINING EPOCH: 110 --------------------------      
client [97] (test)  loss: 0.2933 -> 0.0019   acc: 90.62% -> 100.00%            
client [86] (test)  loss: 0.3175 -> 0.0019   acc: 89.80% -> 100.00%            
client [34] (test)  loss: 0.3061 -> 0.0044   acc: 90.69% -> 100.00%            
client [73] (test)  loss: 0.2810 -> 0.0465   acc: 90.14% -> 98.59%             
client [5] (test)  loss: 0.5468 -> 0.0745   acc: 80.00% -> 97.67%              
client [96] (test)  loss: 0.4069 -> 0.0620   acc: 87.39% -> 97.99%             
client [22] (test)  loss: 0.3198 -> 0.0511   acc: 92.79% -> 99.56%             
client [60] (test)  loss: 0.9758 -> 0.0030   acc: 77.62% -> 99.80%             
client [66] (test)  loss: 0.4340 -> 0.2104   acc: 85.42% -> 92.71%             
client [83] (test)  loss: 0.5111 -> 0.1209   acc: 85.79% -> 94.42%             
-------------------------- TRAINING EPOCH: 120 --------------------------      
client [76] (test)  loss: 0.2866 -> 0.1890   acc: 88.89% -> 97.22%             
client [65] (test)  loss: 0.1541 -> 0.0802   acc: 94.92% -> 98.87%             
client [95] (test)  loss: 0.1783 -> 0.0171   acc: 94.31% -> 99.33%             
client [17] (test)  loss: 0.0185 -> 0.0084   acc: 100.00% -> 100.00%           
client [8] (test)  loss: 0.4092 -> 0.1224   acc: 87.08% -> 96.35%              
client [35] (test)  loss: 0.2395 -> 0.1052   acc: 93.07% -> 96.97%             
client [98] (test)  loss: 0.9829 -> 0.4046   acc: 79.41% -> 85.29%             
client [53] (test)  loss: 0.5303 -> 0.1322   acc: 82.30% -> 94.74%             
client [43] (test)  loss: 0.5748 -> 0.0570   acc: 82.95% -> 97.24%             
client [64] (test)  loss: 0.2283 -> 0.0016   acc: 93.28% -> 99.89%             
-------------------------- TRAINING EPOCH: 130 --------------------------      
client [21] (test)  loss: 0.1398 -> 0.0026   acc: 95.34% -> 99.87%             
client [88] (test)  loss: 0.3732 -> 0.0371   acc: 89.86% -> 99.18%             
client [38] (test)  loss: 0.2954 -> 0.0107   acc: 91.54% -> 99.75%             
client [3] (test)  loss: 0.2071 -> 0.0011   acc: 95.84% -> 100.00%             
client [5] (test)  loss: 0.2977 -> 0.0609   acc: 89.77% -> 97.67%              
client [41] (test)  loss: 0.2063 -> 0.0158   acc: 93.41% -> 99.29%             
client [7] (test)  loss: 0.2878 -> 0.0199   acc: 90.69% -> 99.44%              
client [37] (test)  loss: 0.4187 -> 0.1412   acc: 86.84% -> 94.74%             
client [45] (test)  loss: 0.3129 -> 0.0053   acc: 89.84% -> 100.00%            
client [47] (test)  loss: 1.4159 -> 0.0024   acc: 74.23% -> 99.72%             
-------------------------- TRAINING EPOCH: 140 --------------------------      
client [16] (test)  loss: 0.2728 -> 0.0105   acc: 90.98% -> 99.73%             
client [11] (test)  loss: 0.3908 -> 0.0755   acc: 86.90% -> 98.13%             
client [37] (test)  loss: 0.6467 -> 0.1466   acc: 86.84% -> 93.42%             
client [41] (test)  loss: 0.1219 -> 0.0177   acc: 95.29% -> 99.29%             
client [95] (test)  loss: 0.1458 -> 0.0166   acc: 94.65% -> 99.33%             
client [53] (test)  loss: 0.4486 -> 0.1273   acc: 87.56% -> 94.74%             
client [22] (test)  loss: 0.4071 -> 0.0458   acc: 91.91% -> 99.56%             
client [25] (test)  loss: 0.2515 -> 0.1158   acc: 93.16% -> 96.30%             
client [69] (test)  loss: 0.4400 -> 0.0452   acc: 91.11% -> 98.61%             
client [46] (test)  loss: 0.4712 -> 0.1073   acc: 89.60% -> 96.82%             
-------------------------- TRAINING EPOCH: 150 --------------------------      
client [47] (test)  loss: 0.6321 -> 0.0080   acc: 87.39% -> 99.72%             
client [69] (test)  loss: 0.3298 -> 0.0407   acc: 93.33% -> 98.89%             
client [82] (test)  loss: 0.1768 -> 0.0565   acc: 93.14% -> 98.04%             
client [45] (test)  loss: 0.6897 -> 0.0031   acc: 81.87% -> 100.00%            
client [7] (test)  loss: 0.2979 -> 0.0191   acc: 90.83% -> 99.44%              
client [50] (test)  loss: 0.2296 -> 0.0519   acc: 93.98% -> 98.50%             
client [35] (test)  loss: 0.2520 -> 0.0970   acc: 93.51% -> 97.40%             
client [24] (test)  loss: 0.7933 -> 0.0647   acc: 78.00% -> 98.00%             
client [15] (test)  loss: 0.3202 -> 0.0055   acc: 90.48% -> 100.00%            
client [58] (test)  loss: 0.6137 -> 0.0563   acc: 82.35% -> 98.60%             
-------------------------- TRAINING EPOCH: 160 --------------------------      
client [48] (test)  loss: 0.1902 -> 0.0550   acc: 94.57% -> 97.67%             
client [76] (test)  loss: 0.1194 -> 0.1066   acc: 94.44% -> 94.44%             
client [67] (test)  loss: 0.8111 -> 0.0886   acc: 76.11% -> 96.90%             
client [37] (test)  loss: 0.2806 -> 0.1339   acc: 93.42% -> 96.05%             
client [58] (test)  loss: 0.1188 -> 0.0429   acc: 96.08% -> 98.88%             
client [64] (test)  loss: 0.0925 -> 0.0015   acc: 96.70% -> 99.89%             
client [77] (test)  loss: 0.0999 -> 0.0007   acc: 96.74% -> 100.00%            
client [55] (test)  loss: 0.7789 -> 0.0427   acc: 80.90% -> 98.24%             
client [12] (test)  loss: 0.1605 -> 0.0058   acc: 92.47% -> 100.00%            
client [89] (test)  loss: 0.4072 -> 0.0461   acc: 87.53% -> 98.78%             
-------------------------- TRAINING EPOCH: 170 --------------------------      
client [84] (test)  loss: 0.0721 -> 0.0113   acc: 98.72% -> 99.57%             
client [51] (test)  loss: 0.1898 -> 0.1045   acc: 94.09% -> 97.18%             
client [8] (test)  loss: 0.2486 -> 0.0942   acc: 90.73% -> 97.47%              
client [18] (test)  loss: 0.2821 -> 0.0878   acc: 94.70% -> 98.48%             
client [94] (test)  loss: 0.1924 -> 0.1269   acc: 95.92% -> 96.73%             
client [81] (test)  loss: 0.2731 -> 0.0232   acc: 97.06% -> 100.00%            
client [3] (test)  loss: 0.1045 -> 0.0007   acc: 97.51% -> 100.00%             
client [11] (test)  loss: 0.2069 -> 0.0794   acc: 95.19% -> 98.40%             
client [95] (test)  loss: 0.1614 -> 0.0161   acc: 94.65% -> 99.50%             
client [67] (test)  loss: 0.3272 -> 0.0904   acc: 87.17% -> 96.90%             
-------------------------- TRAINING EPOCH: 180 --------------------------      
client [21] (test)  loss: 0.2392 -> 0.0018   acc: 92.49% -> 99.87%             
client [79] (test)  loss: 0.7586 -> 0.1064   acc: 83.04% -> 97.26%             
client [58] (test)  loss: 0.1500 -> 0.0477   acc: 96.08% -> 98.88%             
client [88] (test)  loss: 0.1861 -> 0.0355   acc: 94.52% -> 99.18%             
client [46] (test)  loss: 0.3307 -> 0.0980   acc: 94.51% -> 97.11%             
client [11] (test)  loss: 0.3405 -> 0.0856   acc: 90.37% -> 98.13%             
client [55] (test)  loss: 0.5352 -> 0.0505   acc: 88.19% -> 98.49%             
client [13] (test)  loss: 0.2408 -> 0.0534   acc: 91.84% -> 98.37%             
client [31] (test)  loss: 0.1590 -> 0.0621   acc: 94.04% -> 99.08%             
client [75] (test)  loss: 0.2472 -> 0.1084   acc: 92.13% -> 96.63%             
-------------------------- TRAINING EPOCH: 190 --------------------------      
client [19] (test)  loss: 0.1412 -> 0.0702   acc: 96.26% -> 98.62%             
client [7] (test)  loss: 0.2110 -> 0.0151   acc: 93.33% -> 99.58%              
client [57] (test)  loss: 0.2771 -> 0.0068   acc: 92.44% -> 99.69%             
client [13] (test)  loss: 0.1561 -> 0.0526   acc: 94.08% -> 98.16%             
client [43] (test)  loss: 0.9004 -> 0.0600   acc: 75.58% -> 98.16%             
client [91] (test)  loss: 0.2428 -> 0.0830   acc: 94.12% -> 98.32%             
client [10] (test)  loss: 0.3516 -> 0.0761   acc: 86.67% -> 97.33%             
client [64] (test)  loss: 0.1330 -> 0.0023   acc: 95.63% -> 99.89%             
client [82] (test)  loss: 0.1374 -> 0.0540   acc: 95.10% -> 97.06%             
client [22] (test)  loss: 0.2863 -> 0.0460   acc: 93.97% -> 99.56%             
-------------------------- TRAINING EPOCH: 200 --------------------------      
client [20] (test)  loss: 0.1038 -> 0.1593   acc: 94.44% -> 97.22%             
client [23] (test)  loss: 0.2964 -> 0.0298   acc: 93.85% -> 98.46%             
client [88] (test)  loss: 0.3581 -> 0.0346   acc: 90.96% -> 98.36%             
client [98] (test)  loss: 0.7869 -> 0.2679   acc: 76.47% -> 85.29%             
client [79] (test)  loss: 0.4496 -> 0.0920   acc: 87.53% -> 97.26%             
client [21] (test)  loss: 0.4224 -> 0.0022   acc: 88.08% -> 99.87%             
client [92] (test)  loss: 0.1296 -> 0.0577   acc: 96.01% -> 98.40%             
client [56] (test)  loss: 0.7296 -> 0.0241   acc: 76.56% -> 98.44%             
client [5] (test)  loss: 0.1926 -> 0.0517   acc: 92.09% -> 98.14%              
client [52] (test)  loss: 0.4374 -> 0.1574   acc: 90.91% -> 97.40%             
Training... ---------------------------------------- 100% 0:07:47
==================== pFedHN TEST RESULTS: ====================                 
{                                                                              
    100: {'loss': '0.4472 -> 0.0000', 'accuracy': '87.32% -> 0.00%'},          
    200: {'loss': '0.3328 -> 0.0000', 'accuracy': '91.75% -> 0.00%'}           
}                                                                              
Convergence (test_before):                                                     
pFedHN achieved 10.0%(15.02%) at epoch: 4                                      
pFedHN achieved 20.0%(24.02%) at epoch: 22                                     
pFedHN achieved 30.0%(36.41%) at epoch: 27                                     
pFedHN achieved 50.0%(55.12%) at epoch: 28                                     
pFedHN achieved 60.0%(64.57%) at epoch: 34                                     
pFedHN achieved 70.0%(72.72%) at epoch: 40                                     
pFedHN achieved 80.0%(83.62%) at epoch: 50                                     
pFedHN achieved 90.0%(90.09%) at epoch: 74                                     
Convergence (test_after):                                                      
pFedHN achieved 60.0%(69.72%) at epoch: 0                                      
pFedHN achieved 80.0%(81.79%) at epoch: 1                                      
pFedHN achieved 90.0%(93.92%) at epoch: 17                                     
