Setting up a new session...
==================== ALGORITHM: FedSpeR_dyn ====================               
Experiment Arguments:                                                          
{                                                                              
    'model': 'ModifiedLeNet5',                                                 
    'dataset': 'cifar10',                                                      
    'seed': 42,                                                                
    'join_ratio': 0.1,                                                         
    'global_epoch': 200,                                                       
    'local_epoch': 5,                                                          
    'finetune_epoch': 0,                                                       
    'test_gap': 100,                                                           
    'eval_test': 1,                                                            
    'eval_train': 0,                                                           
    'local_lr': 0.01,                                                          
    'momentum': 0.0,                                                           
    'weight_decay': 0.0,                                                       
    'verbose_gap': 100000,                                                     
    'batch_size': 32,                                                          
    'visible': 1,                                                              
    'global_testset': 0,                                                       
    'straggler_ratio': 0,                                                      
    'straggler_min_local_epoch': 1,                                            
    'external_model_params_file': '',                                          
    'use_cuda': 1,                                                             
    'save_log': 1,                                                             
    'save_model': 0,                                                           
    'save_fig': 1,                                                             
    'save_metrics': 1,                                                         
    'warmup_round': 0.1,                                                       
    'server_momentum': 0.9,                                                    
    'dataset_args': {                                                          
        'dataset': 'cifar10',                                                  
        'client_num': 100,                                                     
        'fraction': 0.5,                                                       
        'seed': 42,                                                            
        'split': 'sample',                                                     
        'alpha': 0.1,                                                          
        'least_samples': 40                                                    
    }                                                                          
}                                                                              
Files already downloaded and verified
Files already downloaded and verified
Two smallest elements based on 'weight': ['fc2']
Two smallest elements based on 'weight': ['fc2']
Two smallest elements based on 'weight': ['fc2']
Two smallest elements based on 'weight': ['fc1']
Two smallest elements based on 'weight': ['fc1']
Two smallest elements based on 'weight': ['fc2']
Two smallest elements based on 'weight': ['fc2']
Two smallest elements based on 'weight': ['fc2']
Two smallest elements based on 'weight': ['fc2']
Two smallest elements based on 'weight': ['fc2']
Personalizing... ---------------------------------------- 100% 0:07:54
==================== FedSpeR_dyn TEST RESULTS: ====================            
{                                                                              
    100: {'loss': '3.9494 -> 0.0000', 'accuracy': '39.86% -> 0.00%'},          
    200: {'loss': '0.6211 -> 0.0000', 'accuracy': '86.54% -> 0.00%'}           
}                                                                              
Convergence (test_before):                                                     
FedSpeR_dyn achieved 10.0%(17.79%) at epoch: 0                                 
FedSpeR_dyn achieved 20.0%(22.00%) at epoch: 2                                 
FedSpeR_dyn achieved 30.0%(30.76%) at epoch: 3                                 
FedSpeR_dyn achieved 40.0%(49.56%) at epoch: 4                                 
FedSpeR_dyn achieved 60.0%(67.54%) at epoch: 17                                
FedSpeR_dyn achieved 70.0%(78.31%) at epoch: 22                                
FedSpeR_dyn achieved 80.0%(84.28%) at epoch: 31                                
FedSpeR_dyn achieved 90.0%(93.31%) at epoch: 151                               
Convergence (test_after):                                                      
FedSpeR_dyn achieved 70.0%(75.11%) at epoch: 0                                 
FedSpeR_dyn achieved 80.0%(80.08%) at epoch: 3                                 
FedSpeR_dyn achieved 90.0%(92.60%) at epoch: 11                                
