Setting up a new session...
==================== ALGORITHM: FedSpeR_dyn ====================               
Experiment Arguments:                                                          
{                                                                              
    'model': 'ModifiedLeNet5',                                                 
    'dataset': 'medmnistA',                                                    
    'seed': 42,                                                                
    'join_ratio': 0.1,                                                         
    'global_epoch': 200,                                                       
    'local_epoch': 5,                                                          
    'finetune_epoch': 0,                                                       
    'test_gap': 100,                                                           
    'eval_test': 1,                                                            
    'eval_train': 0,                                                           
    'local_lr': 0.01,                                                          
    'momentum': 0.0,                                                           
    'weight_decay': 0.0,                                                       
    'verbose_gap': 100000,                                                     
    'batch_size': 32,                                                          
    'visible': 1,                                                              
    'global_testset': 0,                                                       
    'straggler_ratio': 0,                                                      
    'straggler_min_local_epoch': 1,                                            
    'external_model_params_file': '',                                          
    'use_cuda': 1,                                                             
    'save_log': 1,                                                             
    'save_model': 0,                                                           
    'save_fig': 1,                                                             
    'save_metrics': 1,                                                         
    'warmup_round': 0.1,                                                       
    'server_momentum': 0.9,                                                    
    'dataset_args': {                                                          
        'dataset': 'medmnistA',                                                
        'client_num': 100,                                                     
        'fraction': 0.5,                                                       
        'seed': 42,                                                            
        'split': 'sample',                                                     
        'alpha': 0.1,                                                          
        'least_samples': 40                                                    
    }                                                                          
}                                                                              
Two smallest elements based on 'weight': ['fc2']
Two smallest elements based on 'weight': ['fc2']
Two smallest elements based on 'weight': ['fc1']
Traceback (most recent call last):
  File "E:\FL-bench\src\server\fedsper.py", line 288, in <module>
    server.run()
  File "E:\FL-bench\src\server\fedavg_V1.py", line 469, in run
    self.train()  # 不是这里的问题
  File "E:\FL-bench\src\server\fedsper.py", line 122, in train
    ) = self.trainer.train(
  File "E:\FL-bench\src\client\fedavg_V1.py", line 226, in train
    eval_stats = self.train_and_log(verbose=verbose)
  File "E:\FL-bench\src\client\fedavg_V1.py", line 139, in train_and_log
    self.fit()
  File "E:\FL-bench\src\client\fedavg_V1.py", line 261, in fit
    logit_vae_list = self.model(x)
  File "C:\Users\Admin\.conda\envs\FL\lib\site-packages\torch\nn\modules\module.py", line 1518, in _wrapped_call_impl
    return self._call_impl(*args, **kwargs)
  File "C:\Users\Admin\.conda\envs\FL\lib\site-packages\torch\nn\modules\module.py", line 1527, in _call_impl
    return forward_call(*args, **kwargs)
  File "E:\FL-bench\src\config\models.py", line 227, in forward
    x1 = self.conv1(x)
  File "C:\Users\Admin\.conda\envs\FL\lib\site-packages\torch\nn\modules\module.py", line 1518, in _wrapped_call_impl
    return self._call_impl(*args, **kwargs)
  File "C:\Users\Admin\.conda\envs\FL\lib\site-packages\torch\nn\modules\module.py", line 1527, in _call_impl
    return forward_call(*args, **kwargs)
  File "C:\Users\Admin\.conda\envs\FL\lib\site-packages\torch\nn\modules\container.py", line 215, in forward
    input = module(input)
  File "C:\Users\Admin\.conda\envs\FL\lib\site-packages\torch\nn\modules\module.py", line 1518, in _wrapped_call_impl
    return self._call_impl(*args, **kwargs)
  File "C:\Users\Admin\.conda\envs\FL\lib\site-packages\torch\nn\modules\module.py", line 1527, in _call_impl
    return forward_call(*args, **kwargs)
  File "C:\Users\Admin\.conda\envs\FL\lib\site-packages\torch\nn\modules\conv.py", line 460, in forward
    return self._conv_forward(input, self.weight, self.bias)
  File "C:\Users\Admin\.conda\envs\FL\lib\site-packages\torch\nn\modules\conv.py", line 456, in _conv_forward
    return F.conv2d(input, weight, bias, self.stride,
KeyboardInterrupt
