Setting up a new session...
==================== ALGORITHM: FedSpeR_dyn ====================               
Experiment Arguments:                                                          
{                                                                              
    'model': 'ModifiedLeNet5',                                                 
    'dataset': 'medmnistC',                                                    
    'seed': 42,                                                                
    'join_ratio': 0.1,                                                         
    'global_epoch': 200,                                                       
    'local_epoch': 5,                                                          
    'finetune_epoch': 0,                                                       
    'test_gap': 100,                                                           
    'eval_test': 1,                                                            
    'eval_train': 0,                                                           
    'local_lr': 0.01,                                                          
    'momentum': 0.0,                                                           
    'weight_decay': 0.0,                                                       
    'verbose_gap': 100000,                                                     
    'batch_size': 32,                                                          
    'visible': 1,                                                              
    'global_testset': 0,                                                       
    'straggler_ratio': 0,                                                      
    'straggler_min_local_epoch': 1,                                            
    'external_model_params_file': '',                                          
    'use_cuda': 1,                                                             
    'save_log': 1,                                                             
    'save_model': 0,                                                           
    'save_fig': 1,                                                             
    'save_metrics': 1,                                                         
    'warmup_round': 0.1,                                                       
    'server_momentum': 0.9,                                                    
    'dataset_args': {                                                          
        'dataset': 'medmnistC',                                                
        'client_num': 100,                                                     
        'fraction': 0.5,                                                       
        'seed': 42,                                                            
        'split': 'sample',                                                     
        'alpha': 0.1,                                                          
        'least_samples': 40                                                    
    }                                                                          
}                                                                              
Two smallest elements based on 'weight': ['fc2']
Two smallest elements based on 'weight': ['fc2']
Two smallest elements based on 'weight': ['fc2']
Two smallest elements based on 'weight': ['fc1']
Two smallest elements based on 'weight': ['fc1']
Two smallest elements based on 'weight': ['fc1']
Two smallest elements based on 'weight': ['fc1']
Two smallest elements based on 'weight': ['fc1']
Two smallest elements based on 'weight': ['fc1']
Two smallest elements based on 'weight': ['fc1']
Personalizing... ---------------------------------------- 100% 0:03:16
==================== FedSpeR_dyn TEST RESULTS: ====================            
{                                                                              
    100: {'loss': '2.3544 -> 0.0000', 'accuracy': '44.16% -> 0.00%'},          
    200: {'loss': '0.2241 -> 0.0000', 'accuracy': '94.84% -> 0.00%'}           
}                                                                              
Convergence (test_before):                                                     
FedSpeR_dyn achieved 10.0%(11.82%) at epoch: 0                                 
FedSpeR_dyn achieved 30.0%(30.28%) at epoch: 2                                 
FedSpeR_dyn achieved 60.0%(67.73%) at epoch: 7                                 
FedSpeR_dyn achieved 70.0%(79.17%) at epoch: 26                                
FedSpeR_dyn achieved 80.0%(82.31%) at epoch: 30                                
FedSpeR_dyn achieved 90.0%(91.00%) at epoch: 58                                
Convergence (test_after):                                                      
FedSpeR_dyn achieved 60.0%(64.43%) at epoch: 0                                 
FedSpeR_dyn achieved 70.0%(74.51%) at epoch: 1                                 
FedSpeR_dyn achieved 80.0%(83.50%) at epoch: 5                                 
FedSpeR_dyn achieved 90.0%(90.12%) at epoch: 39                                
