Setting up a new session...
==================== ALGORITHM: pFedHN ====================                    
Experiment Arguments:                                                          
{                                                                              
    'model': 'lenet5',                                                         
    'dataset': 'medmnistC',                                                    
    'seed': 42,                                                                
    'join_ratio': 0.1,                                                         
    'global_epoch': 200,                                                       
    'local_epoch': 5,                                                          
    'finetune_epoch': 0,                                                       
    'test_gap': 100,                                                           
    'eval_test': 1,                                                            
    'eval_train': 0,                                                           
    'local_lr': 0.01,                                                          
    'momentum': 0.0,                                                           
    'weight_decay': 0.0,                                                       
    'verbose_gap': 10,                                                         
    'batch_size': 32,                                                          
    'visible': 1,                                                              
    'global_testset': 0,                                                       
    'straggler_ratio': 0,                                                      
    'straggler_min_local_epoch': 1,                                            
    'external_model_params_file': '',                                          
    'use_cuda': 1,                                                             
    'save_log': 1,                                                             
    'save_model': 0,                                                           
    'save_fig': 1,                                                             
    'save_metrics': 1,                                                         
    'viz_win_name': None,                                                      
    'version': 'pfedhn',                                                       
    'embed_dim': -1,                                                           
    'hn_lr': 0.01,                                                             
    'embed_lr': None,                                                          
    'hn_momentum': 0.9,                                                        
    'hn_weight_decay': 0.001,                                                  
    'hidden_dim': 100,                                                         
    'hidden_num': 3,                                                           
    'norm_clip': 50,                                                           
    'dataset_args': {                                                          
        'dataset': 'medmnistC',                                                
        'client_num': 100,                                                     
        'fraction': 0.5,                                                       
        'seed': 42,                                                            
        'split': 'sample',                                                     
        'alpha': 0.1,                                                          
        'least_samples': 40                                                    
    }                                                                          
}                                                                              
-------------------------- TRAINING EPOCH: 10 --------------------------       
client [77] (test)  loss: 2.2854 -> 2.0294   acc: 1.74% -> 75.65%              
client [81] (test)  loss: 2.3660 -> 2.3488   acc: 30.43% -> 30.43%             
client [21] (test)  loss: 2.3903 -> 2.3414   acc: 0.00% -> 0.00%               
client [68] (test)  loss: 2.3104 -> 0.9191   acc: 0.51% -> 89.80%              
client [93] (test)  loss: 2.3799 -> 2.2391   acc: 0.00% -> 81.32%              
client [31] (test)  loss: 2.2922 -> 1.9819   acc: 0.00% -> 86.67%              
client [20] (test)  loss: 2.3094 -> 2.0504   acc: 68.70% -> 68.70%             
client [59] (test)  loss: 2.5255 -> 2.0893   acc: 0.00% -> 93.44%              
client [48] (test)  loss: 2.4018 -> 2.2123   acc: 4.27% -> 57.26%              
client [34] (test)  loss: 2.4022 -> 2.2912   acc: 10.57% -> 39.84%             
-------------------------- TRAINING EPOCH: 20 --------------------------       
client [69] (test)  loss: 2.3467 -> 0.5270   acc: 0.00% -> 84.65%              
client [99] (test)  loss: 1.6998 -> 0.4754   acc: 95.31% -> 95.31%             
client [67] (test)  loss: 2.5749 -> 1.8302   acc: 0.00% -> 97.80%              
client [0] (test)  loss: 2.4901 -> 2.3492   acc: 0.00% -> 0.00%                
client [76] (test)  loss: 2.5483 -> 2.3487   acc: 0.00% -> 0.00%               
client [41] (test)  loss: 2.5992 -> 1.6987   acc: 1.94% -> 85.44%              
client [62] (test)  loss: 2.5195 -> 1.0202   acc: 0.00% -> 100.00%             
client [2] (test)  loss: 2.3467 -> 1.3896   acc: 0.00% -> 78.08%               
client [14] (test)  loss: 2.3223 -> 1.7854   acc: 0.00% -> 60.56%              
client [46] (test)  loss: 2.4561 -> 1.7636   acc: 0.00% -> 43.04%              
-------------------------- TRAINING EPOCH: 30 --------------------------       
client [24] (test)  loss: 1.4482 -> 0.7098   acc: 75.81% -> 75.81%             
client [68] (test)  loss: 1.2575 -> 0.3368   acc: 84.18% -> 89.80%             
client [57] (test)  loss: 1.5425 -> 0.9594   acc: 72.03% -> 72.03%             
client [17] (test)  loss: 2.3214 -> 1.2686   acc: 0.00% -> 48.94%              
client [54] (test)  loss: 2.5316 -> 1.4987   acc: 5.22% -> 41.74%              
client [23] (test)  loss: 2.6940 -> 1.7523   acc: 3.70% -> 70.37%              
client [35] (test)  loss: 2.6668 -> 2.0871   acc: 0.00% -> 14.29%              
client [59] (test)  loss: 2.5484 -> 0.2162   acc: 0.00% -> 93.44%              
client [31] (test)  loss: 2.8278 -> 0.5910   acc: 0.00% -> 86.67%              
client [9] (test)  loss: 2.4821 -> 1.6488   acc: 47.62% -> 47.62%              
-------------------------- TRAINING EPOCH: 40 --------------------------       
client [64] (test)  loss: 1.7724 -> 0.8833   acc: 15.79% -> 59.65%             
client [33] (test)  loss: 3.8356 -> 0.8476   acc: 3.39% -> 81.36%              
client [16] (test)  loss: 2.5631 -> 1.0281   acc: 0.00% -> 72.97%              
client [44] (test)  loss: 6.8848 -> 0.4717   acc: 17.39% -> 79.71%             
client [8] (test)  loss: 3.0096 -> 1.3913   acc: 1.37% -> 46.58%               
client [31] (test)  loss: 3.9112 -> 0.5274   acc: 5.56% -> 86.67%              
client [47] (test)  loss: 3.4323 -> 0.5128   acc: 0.00% -> 77.33%              
client [36] (test)  loss: 2.6325 -> 0.6396   acc: 3.43% -> 75.43%              
client [20] (test)  loss: 3.3592 -> 0.5356   acc: 0.00% -> 79.13%              
client [56] (test)  loss: 2.6484 -> 1.0748   acc: 0.00% -> 72.09%              
-------------------------- TRAINING EPOCH: 50 --------------------------       
client [4] (test)  loss: 2.3529 -> 0.9714   acc: 0.00% -> 73.08%               
client [60] (test)  loss: 2.2808 -> 1.0798   acc: 20.00% -> 62.22%             
client [28] (test)  loss: 2.2722 -> 1.2333   acc: 20.00% -> 68.00%             
client [25] (test)  loss: 3.6325 -> 1.3625   acc: 10.34% -> 51.72%             
client [58] (test)  loss: 2.6756 -> 0.3644   acc: 0.00% -> 96.30%              
client [44] (test)  loss: 5.9081 -> 0.3407   acc: 2.42% -> 85.51%              
client [39] (test)  loss: 2.0095 -> 1.0001   acc: 40.80% -> 53.60%             
client [29] (test)  loss: 6.2447 -> 1.1812   acc: 1.79% -> 50.00%              
client [3] (test)  loss: 2.0979 -> 0.2237   acc: 24.39% -> 94.31%              
client [84] (test)  loss: 3.1059 -> 1.4459   acc: 0.00% -> 51.22%              
-------------------------- TRAINING EPOCH: 60 --------------------------       
client [21] (test)  loss: 5.8349 -> 3.4404   acc: 10.34% -> 41.38%             
client [84] (test)  loss: 3.0123 -> 1.4054   acc: 0.00% -> 51.22%              
client [10] (test)  loss: 2.6239 -> 0.7540   acc: 14.74% -> 73.68%             
client [36] (test)  loss: 2.5374 -> 0.4098   acc: 8.00% -> 82.29%              
client [65] (test)  loss: 2.1731 -> 0.2848   acc: 28.33% -> 91.67%             
client [81] (test)  loss: 4.2912 -> 2.4857   acc: 8.70% -> 21.74%              
client [79] (test)  loss: 0.7700 -> 0.2127   acc: 76.17% -> 94.30%             
client [42] (test)  loss: 2.1806 -> 0.5771   acc: 13.96% -> 84.15%             
client [11] (test)  loss: 2.7846 -> 0.8783   acc: 25.53% -> 78.72%             
client [96] (test)  loss: 0.5890 -> 0.4625   acc: 86.76% -> 91.18%             
-------------------------- TRAINING EPOCH: 70 --------------------------       
client [8] (test)  loss: 2.2723 -> 1.6723   acc: 34.25% -> 47.95%              
client [53] (test)  loss: 1.4390 -> 0.2357   acc: 42.03% -> 94.20%             
client [52] (test)  loss: 1.5132 -> 0.8325   acc: 58.97% -> 69.23%             
client [42] (test)  loss: 3.1570 -> 0.5178   acc: 12.83% -> 84.53%             
client [69] (test)  loss: 2.2544 -> 0.2019   acc: 51.92% -> 92.58%             
client [59] (test)  loss: 1.0009 -> 0.0630   acc: 59.84% -> 98.36%             
client [7] (test)  loss: 15.1547 -> 1.0878   acc: 1.15% -> 57.47%              
client [26] (test)  loss: 1.9326 -> 0.2743   acc: 44.14% -> 93.79%             
client [49] (test)  loss: 1.0200 -> 0.1844   acc: 65.97% -> 95.80%             
client [98] (test)  loss: 1.1276 -> 0.2763   acc: 55.41% -> 90.54%             
-------------------------- TRAINING EPOCH: 80 --------------------------       
client [98] (test)  loss: 2.1793 -> 0.2645   acc: 20.27% -> 90.54%             
client [47] (test)  loss: 5.2470 -> 0.2424   acc: 13.33% -> 90.67%             
client [21] (test)  loss: 4.3967 -> 2.2913   acc: 13.79% -> 48.28%             
client [77] (test)  loss: 2.8507 -> 0.5265   acc: 4.35% -> 82.61%              
client [95] (test)  loss: 1.6261 -> 0.2464   acc: 36.90% -> 92.86%             
client [91] (test)  loss: 1.6674 -> 1.1450   acc: 34.72% -> 54.17%             
client [14] (test)  loss: 2.4774 -> 0.8350   acc: 15.49% -> 64.79%             
client [99] (test)  loss: 2.1550 -> 0.2705   acc: 36.72% -> 95.31%             
client [20] (test)  loss: 2.2635 -> 0.3342   acc: 24.35% -> 90.43%             
client [39] (test)  loss: 1.2761 -> 0.6212   acc: 63.20% -> 71.20%             
-------------------------- TRAINING EPOCH: 90 --------------------------       
client [52] (test)  loss: 2.0565 -> 0.7192   acc: 30.77% -> 69.23%             
client [62] (test)  loss: 2.8337 -> 0.0023   acc: 30.87% -> 100.00%            
client [71] (test)  loss: 1.4215 -> 0.1379   acc: 52.03% -> 97.56%             
client [97] (test)  loss: 2.3659 -> 0.7167   acc: 23.90% -> 76.73%             
client [30] (test)  loss: 1.9322 -> 0.2502   acc: 28.88% -> 92.51%             
client [88] (test)  loss: 2.0914 -> 0.9110   acc: 31.25% -> 68.75%             
client [60] (test)  loss: 1.9505 -> 0.4713   acc: 28.89% -> 86.67%             
client [82] (test)  loss: 1.4062 -> 0.0817   acc: 59.20% -> 95.98%             
client [91] (test)  loss: 1.4816 -> 1.0371   acc: 42.36% -> 61.81%             
client [57] (test)  loss: 0.6202 -> 0.4106   acc: 83.05% -> 85.59%             
-------------------------- TRAINING EPOCH: 100 --------------------------      
client [31] (test)  loss: 2.7683 -> 0.2925   acc: 8.89% -> 92.22%              
client [15] (test)  loss: 1.1632 -> 0.4755   acc: 66.28% -> 82.56%             
client [71] (test)  loss: 1.2766 -> 0.1331   acc: 65.04% -> 97.56%             
client [97] (test)  loss: 2.1641 -> 0.6857   acc: 35.22% -> 76.10%             
client [53] (test)  loss: 1.1163 -> 0.2174   acc: 62.32% -> 92.75%             
client [77] (test)  loss: 2.6899 -> 0.4416   acc: 23.48% -> 86.09%             
client [76] (test)  loss: 3.0701 -> 0.2762   acc: 30.56% -> 88.89%             
client [79] (test)  loss: 0.9345 -> 0.1654   acc: 69.80% -> 95.64%             
client [28] (test)  loss: 2.0148 -> 0.9178   acc: 40.00% -> 68.00%             
client [99] (test)  loss: 1.4501 -> 0.1934   acc: 58.59% -> 95.31%             
-------------------------- TRAINING EPOCH: 110 --------------------------      
client [97] (test)  loss: 3.1873 -> 0.6638   acc: 19.50% -> 76.73%             
client [86] (test)  loss: 1.8304 -> 0.4663   acc: 41.38% -> 83.91%             
client [34] (test)  loss: 1.9266 -> 0.7740   acc: 27.64% -> 74.80%             
client [73] (test)  loss: 1.7529 -> 0.4847   acc: 49.21% -> 80.95%             
client [5] (test)  loss: 4.3401 -> 1.0169   acc: 8.57% -> 71.43%               
client [96] (test)  loss: 3.0186 -> 0.4423   acc: 25.00% -> 91.18%             
client [22] (test)  loss: 1.5031 -> 0.5501   acc: 44.07% -> 74.58%             
client [60] (test)  loss: 1.5021 -> 0.3457   acc: 35.56% -> 88.89%             
client [66] (test)  loss: 0.7206 -> 0.2837   acc: 80.00% -> 91.43%             
client [83] (test)  loss: 1.6994 -> 0.0011   acc: 68.46% -> 100.00%            
-------------------------- TRAINING EPOCH: 120 --------------------------      
client [76] (test)  loss: 4.6187 -> 0.3643   acc: 25.00% -> 83.33%             
client [65] (test)  loss: 0.9100 -> 0.2673   acc: 60.00% -> 90.83%             
client [95] (test)  loss: 1.1510 -> 0.1634   acc: 58.33% -> 96.43%             
client [17] (test)  loss: 2.5630 -> 0.4926   acc: 37.23% -> 85.11%             
client [8] (test)  loss: 2.4834 -> 0.8643   acc: 26.03% -> 63.01%              
client [35] (test)  loss: 0.8100 -> 0.1943   acc: 67.86% -> 92.86%             
client [98] (test)  loss: 1.5878 -> 0.1826   acc: 45.95% -> 93.24%             
client [53] (test)  loss: 1.1078 -> 0.2030   acc: 60.87% -> 94.20%             
client [43] (test)  loss: 1.7170 -> 1.0595   acc: 60.00% -> 90.00%             
client [64] (test)  loss: 0.9825 -> 0.2623   acc: 59.65% -> 94.74%             
-------------------------- TRAINING EPOCH: 130 --------------------------      
client [21] (test)  loss: 5.4056 -> 5.2917   acc: 41.38% -> 48.28%             
client [88] (test)  loss: 2.1285 -> 0.9026   acc: 41.67% -> 71.88%             
client [38] (test)  loss: 0.4373 -> 0.0738   acc: 84.68% -> 97.58%             
client [3] (test)  loss: 1.2790 -> 0.0659   acc: 63.41% -> 98.37%              
client [5] (test)  loss: 2.7016 -> 1.2054   acc: 34.29% -> 82.86%              
client [41] (test)  loss: 2.0841 -> 0.1531   acc: 38.83% -> 97.09%             
client [7] (test)  loss: 7.2457 -> 0.8791   acc: 19.54% -> 77.01%              
client [37] (test)  loss: 0.2527 -> 0.1346   acc: 93.12% -> 96.07%             
client [45] (test)  loss: 2.0637 -> 0.2717   acc: 46.26% -> 88.55%             
client [47] (test)  loss: 2.3711 -> 0.1422   acc: 53.33% -> 94.67%             
-------------------------- TRAINING EPOCH: 140 --------------------------      
client [16] (test)  loss: 6.4701 -> 0.8647   acc: 8.11% -> 70.27%              
client [11] (test)  loss: 1.1316 -> 0.3363   acc: 63.83% -> 87.23%             
client [37] (test)  loss: 0.2253 -> 0.1274   acc: 93.82% -> 96.21%             
client [41] (test)  loss: 1.0052 -> 0.1483   acc: 65.05% -> 97.09%             
client [95] (test)  loss: 1.1334 -> 0.1239   acc: 52.38% -> 97.62%             
client [53] (test)  loss: 1.1205 -> 0.1981   acc: 60.87% -> 95.65%             
client [22] (test)  loss: 1.5604 -> 0.4282   acc: 49.15% -> 79.66%             
client [25] (test)  loss: 2.2596 -> 0.5883   acc: 32.18% -> 83.91%             
client [69] (test)  loss: 0.7349 -> 0.2330   acc: 79.28% -> 94.12%             
client [46] (test)  loss: 1.9374 -> 0.5459   acc: 41.77% -> 86.08%             
-------------------------- TRAINING EPOCH: 150 --------------------------      
client [47] (test)  loss: 1.2649 -> 0.0956   acc: 49.33% -> 96.00%             
client [69] (test)  loss: 1.0856 -> 0.2091   acc: 69.05% -> 94.88%             
client [82] (test)  loss: 0.7157 -> 0.0870   acc: 81.61% -> 97.70%             
client [45] (test)  loss: 1.3443 -> 0.2448   acc: 63.00% -> 91.63%             
client [7] (test)  loss: 6.2927 -> 0.9094   acc: 32.18% -> 72.41%              
client [50] (test)  loss: 2.2534 -> 0.4016   acc: 22.50% -> 90.00%             
client [35] (test)  loss: 1.1385 -> 0.2083   acc: 60.71% -> 96.43%             
client [24] (test)  loss: 0.6359 -> 0.1546   acc: 82.26% -> 93.55%             
client [15] (test)  loss: 1.3235 -> 0.3806   acc: 61.63% -> 89.53%             
client [58] (test)  loss: 1.4858 -> 0.2810   acc: 59.26% -> 96.30%             
-------------------------- TRAINING EPOCH: 160 --------------------------      
client [48] (test)  loss: 1.0731 -> 0.2392   acc: 70.09% -> 90.60%             
client [76] (test)  loss: 5.5996 -> 0.2755   acc: 13.89% -> 88.89%             
client [67] (test)  loss: 2.3305 -> 0.1126   acc: 6.59% -> 97.80%              
client [37] (test)  loss: 0.8155 -> 0.1072   acc: 73.46% -> 96.77%             
client [58] (test)  loss: 1.2705 -> 0.2369   acc: 40.74% -> 96.30%             
client [64] (test)  loss: 1.1779 -> 0.2459   acc: 63.16% -> 92.98%             
client [77] (test)  loss: 1.5527 -> 0.4049   acc: 54.78% -> 86.96%             
client [55] (test)  loss: 1.9997 -> 0.5018   acc: 57.14% -> 85.71%             
client [12] (test)  loss: 1.1036 -> 0.0131   acc: 74.07% -> 99.38%             
client [89] (test)  loss: 0.8598 -> 0.4950   acc: 71.93% -> 84.21%             
-------------------------- TRAINING EPOCH: 170 --------------------------      
client [84] (test)  loss: 2.1361 -> 1.0531   acc: 46.34% -> 70.73%             
client [51] (test)  loss: 1.0782 -> 0.1657   acc: 76.19% -> 95.24%             
client [8] (test)  loss: 2.5640 -> 0.5873   acc: 30.14% -> 75.34%              
client [18] (test)  loss: 2.0510 -> 0.3197   acc: 34.92% -> 88.89%             
client [94] (test)  loss: 1.1534 -> 0.5172   acc: 60.23% -> 82.20%             
client [81] (test)  loss: 2.6935 -> 1.5284   acc: 43.48% -> 69.57%             
client [3] (test)  loss: 1.6346 -> 0.0438   acc: 56.91% -> 97.56%              
client [11] (test)  loss: 1.1429 -> 0.3096   acc: 65.96% -> 89.36%             
client [95] (test)  loss: 0.5459 -> 0.1427   acc: 82.14% -> 97.62%             
client [67] (test)  loss: 2.2826 -> 0.1049   acc: 14.29% -> 97.80%             
-------------------------- TRAINING EPOCH: 180 --------------------------      
client [21] (test)  loss: 3.7723 -> 5.4395   acc: 37.93% -> 48.28%             
client [79] (test)  loss: 0.4018 -> 0.1185   acc: 87.92% -> 96.98%             
client [58] (test)  loss: 1.1238 -> 0.2295   acc: 55.56% -> 96.30%             
client [88] (test)  loss: 1.8021 -> 0.8060   acc: 52.08% -> 73.96%             
client [46] (test)  loss: 1.1789 -> 0.4348   acc: 65.82% -> 87.34%             
client [11] (test)  loss: 1.0832 -> 0.3890   acc: 65.96% -> 87.23%             
client [55] (test)  loss: 2.3853 -> 0.4627   acc: 48.98% -> 83.67%             
client [13] (test)  loss: 2.6012 -> 0.3244   acc: 29.79% -> 87.23%             
client [31] (test)  loss: 1.4148 -> 0.3122   acc: 58.89% -> 94.44%             
client [75] (test)  loss: 3.7838 -> 0.3156   acc: 31.96% -> 89.69%             
-------------------------- TRAINING EPOCH: 190 --------------------------      
client [19] (test)  loss: 1.2032 -> 0.6206   acc: 64.52% -> 80.65%             
client [7] (test)  loss: 2.9589 -> 0.8641   acc: 50.57% -> 78.16%              
client [57] (test)  loss: 0.3734 -> 0.3363   acc: 87.29% -> 90.68%             
client [13] (test)  loss: 3.4950 -> 0.3408   acc: 19.15% -> 85.11%             
client [43] (test)  loss: 2.1898 -> 0.2692   acc: 45.00% -> 90.00%             
client [91] (test)  loss: 1.1388 -> 0.7526   acc: 65.28% -> 77.78%             
client [10] (test)  loss: 1.0349 -> 0.3284   acc: 75.79% -> 90.53%             
client [64] (test)  loss: 0.6458 -> 0.2447   acc: 75.44% -> 94.74%             
client [82] (test)  loss: 1.0254 -> 0.0774   acc: 70.69% -> 98.85%             
client [22] (test)  loss: 1.0665 -> 0.4463   acc: 71.19% -> 88.14%             
-------------------------- TRAINING EPOCH: 200 --------------------------      
client [20] (test)  loss: 1.2758 -> 0.1639   acc: 58.26% -> 93.91%             
client [23] (test)  loss: 1.7198 -> 0.5459   acc: 64.81% -> 85.19%             
client [88] (test)  loss: 2.0386 -> 0.8154   acc: 50.00% -> 75.00%             
client [98] (test)  loss: 0.7909 -> 0.1801   acc: 77.03% -> 94.59%             
client [79] (test)  loss: 0.6786 -> 0.1286   acc: 75.84% -> 96.98%             
client [21] (test)  loss: 3.8569 -> 4.6753   acc: 41.38% -> 55.17%             
client [92] (test)  loss: 2.2622 -> 0.0014   acc: 43.20% -> 100.00%            
client [56] (test)  loss: 1.9782 -> 0.4713   acc: 27.91% -> 90.70%             
client [5] (test)  loss: 1.1870 -> 1.0245   acc: 62.86% -> 80.00%              
client [52] (test)  loss: 1.0841 -> 0.5457   acc: 64.10% -> 79.49%             
Training... ---------------------------------------- 100% 0:03:12
==================== pFedHN TEST RESULTS: ====================                 
{                                                                              
    100: {'loss': '1.6474 -> 0.0000', 'accuracy': '47.61% -> 0.00%'},          
    200: {'loss': '1.2495 -> 0.0000', 'accuracy': '65.36% -> 0.00%'}           
}                                                                              
Convergence (test_before):                                                     
pFedHN achieved 10.0%(14.08%) at epoch: 1                                      
pFedHN achieved 20.0%(20.13%) at epoch: 3                                      
pFedHN achieved 30.0%(34.80%) at epoch: 10                                     
pFedHN achieved 40.0%(42.69%) at epoch: 15                                     
pFedHN achieved 50.0%(50.80%) at epoch: 16                                     
pFedHN achieved 60.0%(61.44%) at epoch: 90                                     
pFedHN achieved 70.0%(76.17%) at epoch: 134                                    
Convergence (test_after):                                                      
pFedHN achieved 50.0%(57.29%) at epoch: 0                                      
pFedHN achieved 60.0%(67.11%) at epoch: 1                                      
pFedHN achieved 70.0%(77.82%) at epoch: 5                                      
pFedHN achieved 80.0%(81.62%) at epoch: 16                                     
pFedHN achieved 90.0%(91.12%) at epoch: 71                                     
