Setting up a new session...
==================== ALGORITHM: FedSpeR_dyn ====================               
Experiment Arguments:                                                          
{                                                                              
    'model': 'ModifiedLeNet5',                                                 
    'dataset': 'fmnist',                                                       
    'seed': 42,                                                                
    'join_ratio': 0.1,                                                         
    'global_epoch': 200,                                                       
    'local_epoch': 5,                                                          
    'finetune_epoch': 0,                                                       
    'test_gap': 100,                                                           
    'eval_test': 1,                                                            
    'eval_train': 0,                                                           
    'local_lr': 0.01,                                                          
    'momentum': 0.0,                                                           
    'weight_decay': 0.0,                                                       
    'verbose_gap': 100000,                                                     
    'batch_size': 32,                                                          
    'visible': 1,                                                              
    'global_testset': 0,                                                       
    'straggler_ratio': 0,                                                      
    'straggler_min_local_epoch': 1,                                            
    'external_model_params_file': '',                                          
    'use_cuda': 1,                                                             
    'save_log': 1,                                                             
    'save_model': 0,                                                           
    'save_fig': 1,                                                             
    'save_metrics': 1,                                                         
    'warmup_round': 0.1,                                                       
    'server_momentum': 0.9,                                                    
    'dataset_args': {                                                          
        'dataset': 'fmnist',                                                   
        'client_num': 100,                                                     
        'fraction': 0.5,                                                       
        'seed': 42,                                                            
        'split': 'sample',                                                     
        'alpha': 0.1,                                                          
        'least_samples': 40                                                    
    }                                                                          
}                                                                              
Two smallest elements based on 'weight': ['fc1']
Two smallest elements based on 'weight': ['fc2']
Two smallest elements based on 'weight': ['fc2']
Two smallest elements based on 'weight': ['fc2']
Two smallest elements based on 'weight': ['fc2']
Two smallest elements based on 'weight': ['fc2']
Two smallest elements based on 'weight': ['fc2']
Two smallest elements based on 'weight': ['fc2']
Two smallest elements based on 'weight': ['fc2']
Two smallest elements based on 'weight': ['fc2']
Personalizing... ---------------------------------------- 100% 0:08:49
==================== FedSpeR_dyn TEST RESULTS: ====================            
{                                                                              
    100: {'loss': '0.1313 -> 0.0000', 'accuracy': '95.95% -> 0.00%'},          
    200: {'loss': '0.1480 -> 0.0000', 'accuracy': '96.71% -> 0.00%'}           
}                                                                              
Convergence (test_before):                                                     
FedSpeR_dyn achieved 10.0%(11.19%) at epoch: 0                                 
FedSpeR_dyn achieved 20.0%(21.99%) at epoch: 2                                 
FedSpeR_dyn achieved 30.0%(39.83%) at epoch: 4                                 
FedSpeR_dyn achieved 50.0%(56.56%) at epoch: 7                                 
FedSpeR_dyn achieved 70.0%(71.51%) at epoch: 22                                
FedSpeR_dyn achieved 80.0%(80.26%) at epoch: 39                                
FedSpeR_dyn achieved 90.0%(91.29%) at epoch: 48                                
Convergence (test_after):                                                      
FedSpeR_dyn achieved 70.0%(79.84%) at epoch: 0                                 
FedSpeR_dyn achieved 80.0%(88.62%) at epoch: 2                                 
FedSpeR_dyn achieved 90.0%(93.46%) at epoch: 8                                 
